2025-07-10 08:58:52 - ihacpa_automation - INFO - ============================================================
2025-07-10 08:58:52 - ihacpa_automation - INFO - IHACPA Python Package Review Automation v1.0.0
2025-07-10 08:58:52 - ihacpa_automation - INFO - ============================================================
2025-07-10 08:58:52 - ihacpa_automation - INFO - Configuration loaded from: 05-Configuration-Templates/settings-template.yaml
2025-07-10 08:58:52 - ihacpa_automation - INFO - Total packages to process: 486
2025-07-10 08:58:52 - ihacpa_automation - INFO - Logging level: INFO
2025-07-10 08:58:52 - ihacpa_automation - INFO - Log directory: logs
2025-07-10 08:58:52 - ihacpa_automation - INFO - ============================================================
2025-07-10 08:58:52 - ihacpa_automation - INFO - DRY RUN: Would create copy: 02-Source-Data/2025-07-09 IHACPA Review of ALL existing PYTHON Packages.xlsx -> 02-Source-Data/2025-07-09 IHACPA Review of ALL existing PYTHON Packages_updated_20250710_085852.xlsx
2025-07-10 08:58:52 - ihacpa_automation - INFO - All components initialized successfully
2025-07-10 09:02:02 - ihacpa_automation - INFO - ============================================================
2025-07-10 09:02:02 - ihacpa_automation - INFO - IHACPA Python Package Review Automation v1.0.0
2025-07-10 09:02:02 - ihacpa_automation - INFO - ============================================================
2025-07-10 09:02:02 - ihacpa_automation - INFO - Configuration loaded from: 05-Configuration-Templates/settings-template.yaml
2025-07-10 09:02:02 - ihacpa_automation - INFO - Total packages to process: 486
2025-07-10 09:02:02 - ihacpa_automation - INFO - Logging level: INFO
2025-07-10 09:02:02 - ihacpa_automation - INFO - Log directory: logs
2025-07-10 09:02:02 - ihacpa_automation - INFO - ============================================================
2025-07-10 09:02:02 - ihacpa_automation - INFO - Creating copy of input file: 02-Source-Data/2025-07-09 IHACPA Review of ALL existing PYTHON Packages.xlsx -> test_specific_packages.xlsx
2025-07-10 09:02:02 - ihacpa_automation - INFO - All components initialized successfully
2025-07-10 09:02:02 - ihacpa_automation - WARNING - Processing specific packages only. For complete output, process all packages.
2025-07-10 09:02:02 - ihacpa_automation - INFO - Processing 4 packages
2025-07-10 09:02:02 - ihacpa_automation - INFO - Processing batch 1/1
2025-07-10 09:02:02 - ihacpa_automation - INFO - Processing package 323/486: PyQt5
2025-07-10 09:02:02 - ihacpa_automation - INFO - Processing package 325/486: PyQtWebEngine
2025-07-10 09:02:02 - ihacpa_automation - INFO - Processing package 377/486: ruamel.yaml
2025-07-10 09:02:02 - ihacpa_automation - INFO - Processing package 454/486: Unidecode
2025-07-10 09:02:04 - ihacpa_automation - INFO - ✅ Completed PyQt5 in 1.78s
2025-07-10 09:02:04 - ihacpa_automation - INFO - Progress: 1/486 (0.2%) | Success: 1 | Failed: 0 | Est. remaining: 16.0min
2025-07-10 09:02:05 - ihacpa_automation - INFO - ✅ Completed Unidecode in 2.25s
2025-07-10 09:02:05 - ihacpa_automation - INFO - Progress: 2/486 (0.4%) | Success: 2 | Failed: 0 | Est. remaining: 12.0min
2025-07-10 09:02:05 - ihacpa_automation - INFO - ✅ Completed PyQtWebEngine in 2.68s
2025-07-10 09:02:05 - ihacpa_automation - INFO - Progress: 3/486 (0.6%) | Success: 3 | Failed: 0 | Est. remaining: 8.2min
2025-07-10 09:02:05 - ihacpa_automation - WARNING - 🔍 ruamel.yaml: Found 1 vulnerabilities in NIST NVD
2025-07-10 09:02:05 - ihacpa_automation - INFO - ✅ Completed ruamel.yaml in 2.65s
2025-07-10 09:02:05 - ihacpa_automation - INFO - Progress: 4/486 (0.8%) | Success: 4 | Failed: 0 | Est. remaining: 6.4min
2025-07-10 09:02:05 - ihacpa_automation - INFO - Completed batch 1
2025-07-10 09:02:05 - ihacpa_automation - INFO - All packages processed successfully. Output saved to: test_specific_packages.xlsx
2025-07-10 09:02:05 - ihacpa_automation - INFO - Report generated: data/output/ihacpa_report_20250710_090205.txt
2025-07-10 09:02:05 - ihacpa_automation - INFO - Changes report generated: data/output/changes_report_20250710_090205.txt
2025-07-10 09:02:05 - ihacpa_automation - INFO - 📊 Changes made: 2 fields in 1 packages
2025-07-10 09:02:05 - ihacpa_automation - INFO - ============================================================
2025-07-10 09:02:05 - ihacpa_automation - INFO - PROCESSING SUMMARY
2025-07-10 09:02:05 - ihacpa_automation - INFO - ============================================================
2025-07-10 09:02:05 - ihacpa_automation - INFO - Total packages: 486
2025-07-10 09:02:05 - ihacpa_automation - INFO - Successfully processed: 4
2025-07-10 09:02:05 - ihacpa_automation - INFO - Failed: 0
2025-07-10 09:02:05 - ihacpa_automation - INFO - Success rate: 0.8%
2025-07-10 09:02:05 - ihacpa_automation - INFO - Total time: 0.1 minutes
2025-07-10 09:02:05 - ihacpa_automation - INFO - Average time per package: 0.01 seconds
2025-07-10 09:02:05 - ihacpa_automation - INFO - ============================================================
2025-07-10 09:02:05 - ihacpa_automation - INFO - No errors encountered during processing
2025-07-10 09:02:05 - ihacpa_automation - INFO - Automation completed successfully
2025-07-10 09:05:03 - ihacpa_automation - INFO - ============================================================
2025-07-10 09:05:03 - ihacpa_automation - INFO - IHACPA Python Package Review Automation v1.0.0
2025-07-10 09:05:03 - ihacpa_automation - INFO - ============================================================
2025-07-10 09:05:03 - ihacpa_automation - INFO - Configuration loaded from: 05-Configuration-Templates/settings-template.yaml
2025-07-10 09:05:03 - ihacpa_automation - INFO - Total packages to process: 486
2025-07-10 09:05:03 - ihacpa_automation - INFO - Logging level: DEBUG
2025-07-10 09:05:03 - ihacpa_automation - INFO - Log directory: logs
2025-07-10 09:05:03 - ihacpa_automation - INFO - ============================================================
2025-07-10 09:05:03 - ihacpa_automation - INFO - Creating copy of input file: 02-Source-Data/2025-07-09 IHACPA Review of ALL existing PYTHON Packages.xlsx -> test_debug.xlsx
2025-07-10 09:05:03 - ihacpa_automation - INFO - All components initialized successfully
2025-07-10 09:05:03 - ihacpa_automation - WARNING - Processing specific packages only. For complete output, process all packages.
2025-07-10 09:05:03 - ihacpa_automation - INFO - Processing 1 packages
2025-07-10 09:05:03 - ihacpa_automation - INFO - Processing batch 1/1
2025-07-10 09:05:03 - ihacpa_automation - INFO - Processing package 323/486: PyQt5
2025-07-10 09:05:04 - ihacpa_automation - INFO - ✅ Completed PyQt5 in 1.40s
2025-07-10 09:05:04 - ihacpa_automation - INFO - Progress: 1/486 (0.2%) | Success: 1 | Failed: 0 | Est. remaining: 13.0min
2025-07-10 09:05:04 - ihacpa_automation - INFO - Completed batch 1
2025-07-10 09:05:05 - ihacpa_automation - INFO - All packages processed successfully. Output saved to: test_debug.xlsx
2025-07-10 09:05:05 - ihacpa_automation - INFO - Report generated: data/output/ihacpa_report_20250710_090505.txt
2025-07-10 09:05:05 - ihacpa_automation - INFO - Changes report generated: data/output/changes_report_20250710_090505.txt
2025-07-10 09:05:05 - ihacpa_automation - INFO - 📊 No changes detected
2025-07-10 09:05:05 - ihacpa_automation - INFO - ============================================================
2025-07-10 09:05:05 - ihacpa_automation - INFO - PROCESSING SUMMARY
2025-07-10 09:05:05 - ihacpa_automation - INFO - ============================================================
2025-07-10 09:05:05 - ihacpa_automation - INFO - Total packages: 486
2025-07-10 09:05:05 - ihacpa_automation - INFO - Successfully processed: 1
2025-07-10 09:05:05 - ihacpa_automation - INFO - Failed: 0
2025-07-10 09:05:05 - ihacpa_automation - INFO - Success rate: 0.2%
2025-07-10 09:05:05 - ihacpa_automation - INFO - Total time: 0.0 minutes
2025-07-10 09:05:05 - ihacpa_automation - INFO - Average time per package: 0.00 seconds
2025-07-10 09:05:05 - ihacpa_automation - INFO - ============================================================
2025-07-10 09:05:05 - ihacpa_automation - INFO - No errors encountered during processing
2025-07-10 09:05:05 - ihacpa_automation - INFO - Automation completed successfully
2025-07-10 09:10:00 - ihacpa_automation - INFO - ============================================================
2025-07-10 09:10:00 - ihacpa_automation - INFO - IHACPA Python Package Review Automation v1.0.0
2025-07-10 09:10:00 - ihacpa_automation - INFO - ============================================================
2025-07-10 09:10:00 - ihacpa_automation - INFO - Configuration loaded from: 05-Configuration-Templates/settings-template.yaml
2025-07-10 09:10:00 - ihacpa_automation - INFO - Total packages to process: 486
2025-07-10 09:10:00 - ihacpa_automation - INFO - Logging level: INFO
2025-07-10 09:10:00 - ihacpa_automation - INFO - Log directory: logs
2025-07-10 09:10:00 - ihacpa_automation - INFO - ============================================================
2025-07-10 09:10:00 - ihacpa_automation - INFO - Creating copy of input file: 02-Source-Data/2025-07-09 IHACPA Review of ALL existing PYTHON Packages.xlsx -> test_fixed_packages.xlsx
2025-07-10 09:10:00 - ihacpa_automation - INFO - All components initialized successfully
2025-07-10 09:10:00 - ihacpa_automation - WARNING - Processing specific packages only. For complete output, process all packages.
2025-07-10 09:10:00 - ihacpa_automation - INFO - Processing 4 packages
2025-07-10 09:10:00 - ihacpa_automation - INFO - Processing batch 1/1
2025-07-10 09:10:00 - ihacpa_automation - INFO - Processing package 323/486: PyQt5
2025-07-10 09:10:00 - ihacpa_automation - INFO - 📦 PyQt5: Update available 5.15.7 → 5.15.11
2025-07-10 09:10:00 - ihacpa_automation - INFO - Processing package 325/486: PyQtWebEngine
2025-07-10 09:10:01 - ihacpa_automation - INFO - 📦 PyQtWebEngine: Update available 5.15.4 → 5.15.7
2025-07-10 09:10:01 - ihacpa_automation - INFO - Processing package 377/486: ruamel.yaml
2025-07-10 09:10:01 - ihacpa_automation - INFO - 📦 ruamel.yaml: Update available 0.17.21 → 0.18.14
2025-07-10 09:10:01 - ihacpa_automation - INFO - Processing package 454/486: Unidecode
2025-07-10 09:10:01 - ihacpa_automation - INFO - 📦 Unidecode: Update available 1.2.0 → 1.4.0
2025-07-10 09:10:02 - ihacpa_automation - INFO - ✅ Completed PyQt5 in 1.87s
2025-07-10 09:10:02 - ihacpa_automation - INFO - Progress: 1/486 (0.2%) | Success: 1 | Failed: 0 | Est. remaining: 16.9min
2025-07-10 09:10:03 - ihacpa_automation - INFO - ✅ Completed Unidecode in 2.22s
2025-07-10 09:10:03 - ihacpa_automation - INFO - Progress: 2/486 (0.4%) | Success: 2 | Failed: 0 | Est. remaining: 11.8min
2025-07-10 09:10:03 - ihacpa_automation - WARNING - 🔍 ruamel.yaml: Found 1 vulnerabilities in NIST NVD
2025-07-10 09:10:03 - ihacpa_automation - INFO - ✅ Completed ruamel.yaml in 2.57s
2025-07-10 09:10:03 - ihacpa_automation - INFO - Progress: 3/486 (0.6%) | Success: 3 | Failed: 0 | Est. remaining: 8.3min
2025-07-10 09:10:03 - ihacpa_automation - INFO - ✅ Completed PyQtWebEngine in 2.77s
2025-07-10 09:10:03 - ihacpa_automation - INFO - Progress: 4/486 (0.8%) | Success: 4 | Failed: 0 | Est. remaining: 6.3min
2025-07-10 09:10:03 - ihacpa_automation - INFO - Completed batch 1
2025-07-10 09:10:03 - ihacpa_automation - INFO - All packages processed successfully. Output saved to: test_fixed_packages.xlsx
2025-07-10 09:10:03 - ihacpa_automation - INFO - Report generated: data/output/ihacpa_report_20250710_091003.txt
2025-07-10 09:10:04 - ihacpa_automation - INFO - Changes report generated: data/output/changes_report_20250710_091003.txt
2025-07-10 09:10:04 - ihacpa_automation - INFO - 📊 Changes made: 28 fields in 4 packages
2025-07-10 09:10:04 - ihacpa_automation - INFO - ============================================================
2025-07-10 09:10:04 - ihacpa_automation - INFO - PROCESSING SUMMARY
2025-07-10 09:10:04 - ihacpa_automation - INFO - ============================================================
2025-07-10 09:10:04 - ihacpa_automation - INFO - Total packages: 486
2025-07-10 09:10:04 - ihacpa_automation - INFO - Successfully processed: 4
2025-07-10 09:10:04 - ihacpa_automation - INFO - Failed: 0
2025-07-10 09:10:04 - ihacpa_automation - INFO - Success rate: 0.8%
2025-07-10 09:10:04 - ihacpa_automation - INFO - Total time: 0.1 minutes
2025-07-10 09:10:04 - ihacpa_automation - INFO - Average time per package: 0.01 seconds
2025-07-10 09:10:04 - ihacpa_automation - INFO - ============================================================
2025-07-10 09:10:04 - ihacpa_automation - INFO - No errors encountered during processing
2025-07-10 09:10:04 - ihacpa_automation - INFO - Automation completed successfully
2025-07-10 11:49:19 - ihacpa_automation - INFO - ============================================================
2025-07-10 11:49:19 - ihacpa_automation - INFO - IHACPA Python Package Review Automation v1.0.0
2025-07-10 11:49:19 - ihacpa_automation - INFO - ============================================================
2025-07-10 11:49:19 - ihacpa_automation - INFO - Configuration loaded from: 05-Configuration-Templates/settings-template.yaml
2025-07-10 11:49:19 - ihacpa_automation - INFO - Total packages to process: 486
2025-07-10 11:49:19 - ihacpa_automation - INFO - Logging level: INFO
2025-07-10 11:49:19 - ihacpa_automation - INFO - Log directory: logs
2025-07-10 11:49:19 - ihacpa_automation - INFO - ============================================================
2025-07-10 11:49:19 - ihacpa_automation - INFO - DRY RUN: Would create copy: 02-Source-Data/2025-07-09 IHACPA Review of ALL existing PYTHON Packages.xlsx -> 02-Source-Data/2025-07-09 IHACPA Review of ALL existing PYTHON Packages_updated_20250710_114919.xlsx
2025-07-10 11:49:20 - ihacpa_automation - INFO - All components initialized successfully
2025-07-10 11:49:20 - ihacpa_automation - INFO - DRY RUN MODE - No changes will be made
2025-07-10 11:49:20 - ihacpa_automation - WARNING - Processing specific packages only. For complete output, process all packages.
2025-07-10 11:49:20 - ihacpa_automation - INFO - Processing 1 packages
2025-07-10 11:49:20 - ihacpa_automation - INFO - Processing batch 1/1
2025-07-10 11:49:20 - ihacpa_automation - INFO - Processing package 369/486: requests
2025-07-10 11:49:20 - ihacpa_automation - INFO - 📦 requests: Update available 2.29.0 → 2.32.4
2025-07-10 11:49:28 - ihacpa_automation - WARNING - 🔍 requests: Found 2000 vulnerabilities in NIST NVD
2025-07-10 11:49:28 - ihacpa_automation - INFO - ✅ Completed requests in 7.58s
2025-07-10 11:49:28 - ihacpa_automation - INFO - Progress: 1/486 (0.2%) | Success: 1 | Failed: 0 | Est. remaining: 68.2min
2025-07-10 11:49:28 - ihacpa_automation - INFO - Completed batch 1
2025-07-10 11:49:28 - ihacpa_automation - INFO - All packages processed successfully (DRY RUN - no changes saved)
2025-07-10 11:49:28 - ihacpa_automation - INFO - Report generated: data/output/ihacpa_report_20250710_114928.txt
2025-07-10 11:49:28 - ihacpa_automation - INFO - DRY RUN: No changes report generated (no output file created)
2025-07-10 11:49:28 - ihacpa_automation - INFO - ============================================================
2025-07-10 11:49:28 - ihacpa_automation - INFO - PROCESSING SUMMARY
2025-07-10 11:49:28 - ihacpa_automation - INFO - ============================================================
2025-07-10 11:49:28 - ihacpa_automation - INFO - Total packages: 486
2025-07-10 11:49:28 - ihacpa_automation - INFO - Successfully processed: 1
2025-07-10 11:49:28 - ihacpa_automation - INFO - Failed: 0
2025-07-10 11:49:28 - ihacpa_automation - INFO - Success rate: 0.2%
2025-07-10 11:49:28 - ihacpa_automation - INFO - Total time: 0.1 minutes
2025-07-10 11:49:28 - ihacpa_automation - INFO - Average time per package: 0.02 seconds
2025-07-10 11:49:28 - ihacpa_automation - INFO - ============================================================
2025-07-10 11:49:28 - ihacpa_automation - INFO - No errors encountered during processing
2025-07-10 11:49:28 - ihacpa_automation - INFO - Automation completed successfully
2025-07-10 12:03:35 - ihacpa_automation - INFO - ============================================================
2025-07-10 12:03:35 - ihacpa_automation - INFO - IHACPA Python Package Review Automation v1.0.0
2025-07-10 12:03:35 - ihacpa_automation - INFO - ============================================================
2025-07-10 12:03:35 - ihacpa_automation - INFO - Configuration loaded from: azure_settings.yaml
2025-07-10 12:03:35 - ihacpa_automation - INFO - Total packages to process: 486
2025-07-10 12:03:35 - ihacpa_automation - INFO - Logging level: INFO
2025-07-10 12:03:35 - ihacpa_automation - INFO - Log directory: logs
2025-07-10 12:03:35 - ihacpa_automation - INFO - ============================================================
2025-07-10 12:03:35 - ihacpa_automation - INFO - Creating copy of input file: 02-Source-Data/2025-07-09 IHACPA Review of ALL existing PYTHON Packages.xlsx -> test_azure_fix.xlsx
2025-07-10 12:03:39 - ihacpa_automation - INFO - All components initialized successfully
2025-07-10 12:03:39 - ihacpa_automation - WARNING - Processing specific packages only. For complete output, process all packages.
2025-07-10 12:03:39 - ihacpa_automation - INFO - Processing 2 packages
2025-07-10 12:03:39 - ihacpa_automation - INFO - Processing batch 1/1
2025-07-10 12:03:39 - ihacpa_automation - INFO - Processing package 369/486: requests
2025-07-10 12:03:39 - ihacpa_automation - INFO - 📦 requests: Update available 2.29.0 → 2.32.4
2025-07-10 12:03:39 - ihacpa_automation - INFO - Processing package 4/486: agate
2025-07-10 12:03:39 - ihacpa_automation - INFO - 📦 agate: Update available 1.9.1 → 1.13.0
2025-07-10 12:03:42 - ihacpa_automation - WARNING - 🔍 requests: Found 2000 vulnerabilities in NIST NVD
2025-07-10 12:03:42 - ihacpa_automation - INFO - ✅ Completed requests in 2.92s
2025-07-10 12:03:42 - ihacpa_automation - INFO - Progress: 1/486 (0.2%) | Success: 1 | Failed: 0 | Est. remaining: 57.6min
2025-07-10 12:03:43 - ihacpa_automation - WARNING - 🔍 agate: Found 3 vulnerabilities in NIST NVD
2025-07-10 12:03:43 - ihacpa_automation - INFO - ✅ Completed agate in 3.53s
2025-07-10 12:03:43 - ihacpa_automation - INFO - Progress: 2/486 (0.4%) | Success: 2 | Failed: 0 | Est. remaining: 31.9min
2025-07-10 12:03:43 - ihacpa_automation - INFO - Completed batch 1
2025-07-10 12:03:43 - ihacpa_automation - INFO - All packages processed successfully. Output saved to: test_azure_fix.xlsx
2025-07-10 12:03:43 - ihacpa_automation - INFO - Report generated: data/output/ihacpa_report_20250710_120343.txt
2025-07-10 12:03:43 - ihacpa_automation - INFO - Changes report generated: data/output/changes_report_20250710_120343.txt
2025-07-10 12:03:43 - ihacpa_automation - INFO - 📊 Changes made: 18 fields in 2 packages
2025-07-10 12:03:43 - ihacpa_automation - INFO - ============================================================
2025-07-10 12:03:43 - ihacpa_automation - INFO - PROCESSING SUMMARY
2025-07-10 12:03:43 - ihacpa_automation - INFO - ============================================================
2025-07-10 12:03:43 - ihacpa_automation - INFO - Total packages: 486
2025-07-10 12:03:43 - ihacpa_automation - INFO - Successfully processed: 2
2025-07-10 12:03:43 - ihacpa_automation - INFO - Failed: 0
2025-07-10 12:03:43 - ihacpa_automation - INFO - Success rate: 0.4%
2025-07-10 12:03:43 - ihacpa_automation - INFO - Total time: 0.1 minutes
2025-07-10 12:03:43 - ihacpa_automation - INFO - Average time per package: 0.02 seconds
2025-07-10 12:03:43 - ihacpa_automation - INFO - ============================================================
2025-07-10 12:03:43 - ihacpa_automation - INFO - No errors encountered during processing
2025-07-10 12:03:43 - ihacpa_automation - INFO - Automation completed successfully
2025-07-10 14:07:06 - ihacpa_automation - INFO - ============================================================
2025-07-10 14:07:06 - ihacpa_automation - INFO - IHACPA Python Package Review Automation v1.0.0
2025-07-10 14:07:06 - ihacpa_automation - INFO - ============================================================
2025-07-10 14:07:06 - ihacpa_automation - INFO - Configuration loaded from: 05-Configuration-Templates/settings-template.yaml
2025-07-10 14:07:06 - ihacpa_automation - INFO - Total packages to process: 486
2025-07-10 14:07:06 - ihacpa_automation - INFO - Logging level: INFO
2025-07-10 14:07:06 - ihacpa_automation - INFO - Log directory: logs
2025-07-10 14:07:06 - ihacpa_automation - INFO - ============================================================
2025-07-10 14:07:06 - ihacpa_automation - INFO - Creating copy of input file: 02-Source-Data/2025-07-09 IHACPA Review of ALL existing PYTHON Packages.xlsx -> test_font_colors_real.xlsx
2025-07-10 14:07:10 - ihacpa_automation - INFO - All components initialized successfully
2025-07-10 14:07:10 - ihacpa_automation - WARNING - Processing specific packages only. For complete output, process all packages.
2025-07-10 14:07:10 - ihacpa_automation - INFO - Processing 2 packages
2025-07-10 14:07:10 - ihacpa_automation - INFO - Processing batch 1/1
2025-07-10 14:07:10 - ihacpa_automation - INFO - Processing package 369/486: requests
2025-07-10 14:07:10 - ihacpa_automation - INFO - 📦 requests: Update available 2.29.0 → 2.32.4
2025-07-10 14:07:10 - ihacpa_automation - INFO - Processing package 4/486: agate
2025-07-10 14:07:11 - ihacpa_automation - INFO - 📦 agate: Update available 1.9.1 → 1.13.0
2025-07-10 14:07:14 - ihacpa_automation - WARNING - 🔍 requests: Found 2000 vulnerabilities in NIST NVD
2025-07-10 14:07:14 - ihacpa_automation - INFO - ✅ Completed requests in 3.90s
2025-07-10 14:07:14 - ihacpa_automation - INFO - Progress: 1/486 (0.2%) | Success: 1 | Failed: 0 | Est. remaining: 65.0min
2025-07-10 14:07:14 - ihacpa_automation - WARNING - 🔍 agate: Found 3 vulnerabilities in NIST NVD
2025-07-10 14:07:14 - ihacpa_automation - INFO - ✅ Completed agate in 3.76s
2025-07-10 14:07:14 - ihacpa_automation - INFO - Progress: 2/486 (0.4%) | Success: 2 | Failed: 0 | Est. remaining: 32.5min
2025-07-10 14:07:14 - ihacpa_automation - INFO - Completed batch 1
2025-07-10 14:07:14 - ihacpa_automation - INFO - All packages processed successfully. Output saved to: test_font_colors_real.xlsx
2025-07-10 14:07:14 - ihacpa_automation - INFO - Report generated: data/output/ihacpa_report_20250710_140714.txt
2025-07-10 14:07:15 - ihacpa_automation - INFO - Changes report generated: data/output/changes_report_20250710_140714.txt
2025-07-10 14:07:15 - ihacpa_automation - INFO - 📊 Changes made: 19 fields in 2 packages
2025-07-10 14:07:15 - ihacpa_automation - INFO - ============================================================
2025-07-10 14:07:15 - ihacpa_automation - INFO - PROCESSING SUMMARY
2025-07-10 14:07:15 - ihacpa_automation - INFO - ============================================================
2025-07-10 14:07:15 - ihacpa_automation - INFO - Total packages: 486
2025-07-10 14:07:15 - ihacpa_automation - INFO - Successfully processed: 2
2025-07-10 14:07:15 - ihacpa_automation - INFO - Failed: 0
2025-07-10 14:07:15 - ihacpa_automation - INFO - Success rate: 0.4%
2025-07-10 14:07:15 - ihacpa_automation - INFO - Total time: 0.1 minutes
2025-07-10 14:07:15 - ihacpa_automation - INFO - Average time per package: 0.02 seconds
2025-07-10 14:07:15 - ihacpa_automation - INFO - ============================================================
2025-07-10 14:07:15 - ihacpa_automation - INFO - No errors encountered during processing
2025-07-10 14:07:15 - ihacpa_automation - INFO - Automation completed successfully
2025-07-10 14:28:06 - ihacpa_automation - INFO - ============================================================
2025-07-10 14:28:06 - ihacpa_automation - INFO - IHACPA Python Package Review Automation v1.0.0
2025-07-10 14:28:06 - ihacpa_automation - INFO - ============================================================
2025-07-10 14:28:06 - ihacpa_automation - INFO - Configuration loaded from: 05-Configuration-Templates/settings-template.yaml
2025-07-10 14:28:06 - ihacpa_automation - INFO - Total packages to process: 486
2025-07-10 14:28:06 - ihacpa_automation - INFO - Logging level: INFO
2025-07-10 14:28:06 - ihacpa_automation - INFO - Log directory: logs
2025-07-10 14:28:06 - ihacpa_automation - INFO - ============================================================
2025-07-10 14:28:06 - ihacpa_automation - INFO - Creating copy of input file: 02-Source-Data/2025-07-09 IHACPA Review of ALL existing PYTHON Packages.xlsx -> test_snyk_ai.xlsx
2025-07-10 14:28:10 - ihacpa_automation - INFO - All components initialized successfully
2025-07-10 14:28:10 - ihacpa_automation - WARNING - Processing specific packages only. For complete output, process all packages.
2025-07-10 14:28:10 - ihacpa_automation - INFO - Processing 2 packages
2025-07-10 14:28:10 - ihacpa_automation - INFO - Processing batch 1/1
2025-07-10 14:28:10 - ihacpa_automation - INFO - Processing package 369/486: requests
2025-07-10 14:28:10 - ihacpa_automation - INFO - 📦 requests: Update available 2.29.0 → 2.32.4
2025-07-10 14:28:10 - ihacpa_automation - INFO - Processing package 4/486: agate
2025-07-10 14:28:10 - ihacpa_automation - INFO - 📦 agate: Update available 1.9.1 → 1.13.0
2025-07-10 14:28:16 - ihacpa_automation - WARNING - 🔍 requests: Found 2000 vulnerabilities in NIST NVD
2025-07-10 14:28:16 - ihacpa_automation - INFO - ✅ Completed requests in 6.01s
2025-07-10 14:28:16 - ihacpa_automation - INFO - Progress: 1/486 (0.2%) | Success: 1 | Failed: 0 | Est. remaining: 78.6min
2025-07-10 14:28:16 - ihacpa_automation - WARNING - 🔍 agate: Found 3 vulnerabilities in NIST NVD
2025-07-10 14:28:16 - ihacpa_automation - INFO - ✅ Completed agate in 5.87s
2025-07-10 14:28:16 - ihacpa_automation - INFO - Progress: 2/486 (0.4%) | Success: 2 | Failed: 0 | Est. remaining: 39.2min
2025-07-10 14:28:16 - ihacpa_automation - INFO - Completed batch 1
2025-07-10 14:28:16 - ihacpa_automation - INFO - All packages processed successfully. Output saved to: test_snyk_ai.xlsx
2025-07-10 14:28:16 - ihacpa_automation - INFO - Report generated: data/output/ihacpa_report_20250710_142816.txt
2025-07-10 14:28:16 - ihacpa_automation - INFO - Changes report generated: data/output/changes_report_20250710_142816.txt
2025-07-10 14:28:16 - ihacpa_automation - INFO - 📊 Changes made: 20 fields in 2 packages
2025-07-10 14:28:16 - ihacpa_automation - INFO - ============================================================
2025-07-10 14:28:16 - ihacpa_automation - INFO - PROCESSING SUMMARY
2025-07-10 14:28:16 - ihacpa_automation - INFO - ============================================================
2025-07-10 14:28:16 - ihacpa_automation - INFO - Total packages: 486
2025-07-10 14:28:16 - ihacpa_automation - INFO - Successfully processed: 2
2025-07-10 14:28:16 - ihacpa_automation - INFO - Failed: 0
2025-07-10 14:28:16 - ihacpa_automation - INFO - Success rate: 0.4%
2025-07-10 14:28:16 - ihacpa_automation - INFO - Total time: 0.2 minutes
2025-07-10 14:28:16 - ihacpa_automation - INFO - Average time per package: 0.02 seconds
2025-07-10 14:28:16 - ihacpa_automation - INFO - ============================================================
2025-07-10 14:28:16 - ihacpa_automation - INFO - No errors encountered during processing
2025-07-10 14:28:16 - ihacpa_automation - INFO - Automation completed successfully
2025-07-10 15:13:57 - ihacpa_automation - INFO - ============================================================
2025-07-10 15:13:57 - ihacpa_automation - INFO - IHACPA Python Package Review Automation v1.0.0
2025-07-10 15:13:57 - ihacpa_automation - INFO - ============================================================
2025-07-10 15:13:57 - ihacpa_automation - INFO - Configuration loaded from: 05-Configuration-Templates/settings-template.yaml
2025-07-10 15:13:57 - ihacpa_automation - INFO - Total packages to process: 486
2025-07-10 15:13:57 - ihacpa_automation - INFO - Logging level: INFO
2025-07-10 15:13:57 - ihacpa_automation - INFO - Log directory: logs
2025-07-10 15:13:57 - ihacpa_automation - INFO - ============================================================
2025-07-10 15:13:57 - ihacpa_automation - INFO - Creating copy of input file: 02-Source-Data/2025-07-09 IHACPA Review of ALL existing PYTHON Packages.xlsx -> test_exploit_db_ai.xlsx
2025-07-10 15:14:01 - ihacpa_automation - INFO - All components initialized successfully
2025-07-10 15:14:01 - ihacpa_automation - WARNING - Processing specific packages only. For complete output, process all packages.
2025-07-10 15:14:01 - ihacpa_automation - INFO - Processing 2 packages
2025-07-10 15:14:01 - ihacpa_automation - INFO - Processing batch 1/1
2025-07-10 15:14:01 - ihacpa_automation - INFO - Processing package 369/486: requests
2025-07-10 15:14:01 - ihacpa_automation - INFO - 📦 requests: Update available 2.29.0 → 2.32.4
2025-07-10 15:14:01 - ihacpa_automation - INFO - Processing package 4/486: agate
2025-07-10 15:14:02 - ihacpa_automation - INFO - 📦 agate: Update available 1.9.1 → 1.13.0
2025-07-10 15:14:07 - ihacpa_automation - WARNING - 🔍 agate: Found 3 vulnerabilities in NIST NVD
2025-07-10 15:14:07 - ihacpa_automation - INFO - ✅ Completed agate in 6.15s
2025-07-10 15:14:07 - ihacpa_automation - INFO - Progress: 1/486 (0.2%) | Success: 1 | Failed: 0 | Est. remaining: 87.3min
2025-07-10 15:14:08 - ihacpa_automation - WARNING - 🔍 requests: Found 2000 vulnerabilities in NIST NVD
2025-07-10 15:14:08 - ihacpa_automation - INFO - ✅ Completed requests in 6.51s
2025-07-10 15:14:08 - ihacpa_automation - INFO - Progress: 2/486 (0.4%) | Success: 2 | Failed: 0 | Est. remaining: 44.3min
2025-07-10 15:14:08 - ihacpa_automation - INFO - Completed batch 1
2025-07-10 15:14:08 - ihacpa_automation - INFO - All packages processed successfully. Output saved to: test_exploit_db_ai.xlsx
2025-07-10 15:14:08 - ihacpa_automation - INFO - Report generated: data/output/ihacpa_report_20250710_151408.txt
2025-07-10 15:14:08 - ihacpa_automation - INFO - Changes report generated: data/output/changes_report_20250710_151408.txt
2025-07-10 15:14:08 - ihacpa_automation - INFO - 📊 Changes made: 21 fields in 2 packages
2025-07-10 15:14:08 - ihacpa_automation - INFO - ============================================================
2025-07-10 15:14:08 - ihacpa_automation - INFO - PROCESSING SUMMARY
2025-07-10 15:14:08 - ihacpa_automation - INFO - ============================================================
2025-07-10 15:14:08 - ihacpa_automation - INFO - Total packages: 486
2025-07-10 15:14:08 - ihacpa_automation - INFO - Successfully processed: 2
2025-07-10 15:14:08 - ihacpa_automation - INFO - Failed: 0
2025-07-10 15:14:08 - ihacpa_automation - INFO - Success rate: 0.4%
2025-07-10 15:14:08 - ihacpa_automation - INFO - Total time: 0.2 minutes
2025-07-10 15:14:08 - ihacpa_automation - INFO - Average time per package: 0.02 seconds
2025-07-10 15:14:08 - ihacpa_automation - INFO - ============================================================
2025-07-10 15:14:08 - ihacpa_automation - INFO - No errors encountered during processing
2025-07-10 15:14:08 - ihacpa_automation - INFO - Automation completed successfully
2025-07-10 19:02:49 - ihacpa_automation - INFO - ============================================================
2025-07-10 19:02:49 - ihacpa_automation - INFO - IHACPA Python Package Review Automation v1.0.0
2025-07-10 19:02:49 - ihacpa_automation - INFO - ============================================================
2025-07-10 19:02:49 - ihacpa_automation - INFO - Configuration loaded from: 05-Configuration-Templates/settings-template.yaml
2025-07-10 19:02:49 - ihacpa_automation - INFO - Total packages to process: 486
2025-07-10 19:02:49 - ihacpa_automation - INFO - Logging level: INFO
2025-07-10 19:02:49 - ihacpa_automation - INFO - Log directory: logs
2025-07-10 19:02:49 - ihacpa_automation - INFO - ============================================================
2025-07-10 19:02:49 - ihacpa_automation - INFO - Creating copy of input file: 02-Source-Data/2025-07-09 IHACPA Review of ALL existing PYTHON Packages.xlsx -> test_color_debug.xlsx
2025-07-10 19:02:55 - ihacpa_automation - INFO - All components initialized successfully
2025-07-10 19:02:55 - ihacpa_automation - WARNING - Processing specific packages only. For complete output, process all packages.
2025-07-10 19:02:55 - ihacpa_automation - INFO - Processing 4 packages
2025-07-10 19:02:55 - ihacpa_automation - INFO - Processing batch 1/1
2025-07-10 19:02:55 - ihacpa_automation - INFO - Processing package 52/486: botocore
2025-07-10 19:02:56 - ihacpa_automation - INFO - 📦 botocore: Update available 1.27.59 → 1.39.4
2025-07-10 19:02:56 - ihacpa_automation - INFO - Processing package 58/486: cffi
2025-07-10 19:02:56 - ihacpa_automation - INFO - 📦 cffi: Update available 1.15.1 → 1.17.1
2025-07-10 19:02:56 - ihacpa_automation - INFO - Processing package 84/486: cryptography
2025-07-10 19:02:57 - ihacpa_automation - INFO - 📦 cryptography: Update available 39.0.1 → 45.0.5
2025-07-10 19:02:57 - ihacpa_automation - INFO - Processing package 119/486: docutils
2025-07-10 19:02:57 - ihacpa_automation - INFO - 📦 docutils: Update available 0.18.1 → 0.21.2
2025-07-10 19:03:16 - ihacpa_automation - WARNING - 🔍 botocore: Found 1 vulnerabilities in NIST NVD
2025-07-10 19:03:16 - ihacpa_automation - INFO - ✅ Completed botocore in 20.38s
2025-07-10 19:03:16 - ihacpa_automation - INFO - Progress: 1/486 (0.2%) | Success: 1 | Failed: 0 | Est. remaining: 219.0min
2025-07-10 19:03:16 - ihacpa_automation - WARNING - 🔍 docutils: Found 7 vulnerabilities in NIST NVD
2025-07-10 19:03:16 - ihacpa_automation - INFO - ✅ Completed docutils in 19.21s
2025-07-10 19:03:16 - ihacpa_automation - INFO - Progress: 2/486 (0.4%) | Success: 2 | Failed: 0 | Est. remaining: 109.3min
2025-07-10 19:03:16 - ihacpa_automation - WARNING - 🔍 cffi: Found 1 vulnerabilities in NIST NVD
2025-07-10 19:03:16 - ihacpa_automation - INFO - ✅ Completed cffi in 20.11s
2025-07-10 19:03:16 - ihacpa_automation - INFO - Progress: 3/486 (0.6%) | Success: 3 | Failed: 0 | Est. remaining: 72.7min
2025-07-10 19:03:16 - ihacpa_automation - WARNING - 🔍 cryptography: Found 117 vulnerabilities in NIST NVD
2025-07-10 19:03:16 - ihacpa_automation - INFO - ✅ Completed cryptography in 19.73s
2025-07-10 19:03:16 - ihacpa_automation - INFO - Progress: 4/486 (0.8%) | Success: 4 | Failed: 0 | Est. remaining: 54.6min
2025-07-10 19:03:16 - ihacpa_automation - INFO - Completed batch 1
2025-07-10 19:03:16 - ihacpa_automation - INFO - All packages processed successfully. Output saved to: test_color_debug.xlsx
2025-07-10 19:03:16 - ihacpa_automation - INFO - Report generated: data/output/ihacpa_report_20250710_190316.txt
2025-07-10 19:03:16 - ihacpa_automation - INFO - Changes report generated: data/output/changes_report_20250710_190316.txt
2025-07-10 19:03:16 - ihacpa_automation - INFO - 📊 Changes made: 62 fields in 4 packages
2025-07-10 19:03:16 - ihacpa_automation - INFO - ============================================================
2025-07-10 19:03:16 - ihacpa_automation - INFO - PROCESSING SUMMARY
2025-07-10 19:03:16 - ihacpa_automation - INFO - ============================================================
2025-07-10 19:03:16 - ihacpa_automation - INFO - Total packages: 486
2025-07-10 19:03:16 - ihacpa_automation - INFO - Successfully processed: 4
2025-07-10 19:03:16 - ihacpa_automation - INFO - Failed: 0
2025-07-10 19:03:16 - ihacpa_automation - INFO - Success rate: 0.8%
2025-07-10 19:03:16 - ihacpa_automation - INFO - Total time: 0.5 minutes
2025-07-10 19:03:16 - ihacpa_automation - INFO - Average time per package: 0.06 seconds
2025-07-10 19:03:16 - ihacpa_automation - INFO - ============================================================
2025-07-10 19:03:16 - ihacpa_automation - INFO - No errors encountered during processing
2025-07-10 19:03:16 - ihacpa_automation - INFO - Automation completed successfully
2025-07-10 19:04:57 - ihacpa_automation - INFO - ============================================================
2025-07-10 19:04:57 - ihacpa_automation - INFO - IHACPA Python Package Review Automation v1.0.0
2025-07-10 19:04:57 - ihacpa_automation - INFO - ============================================================
2025-07-10 19:04:57 - ihacpa_automation - INFO - Configuration loaded from: 05-Configuration-Templates/settings-template.yaml
2025-07-10 19:04:57 - ihacpa_automation - INFO - Total packages to process: 486
2025-07-10 19:04:57 - ihacpa_automation - INFO - Logging level: INFO
2025-07-10 19:04:57 - ihacpa_automation - INFO - Log directory: logs
2025-07-10 19:04:57 - ihacpa_automation - INFO - ============================================================
2025-07-10 19:04:57 - ihacpa_automation - INFO - Creating copy of input file: 02-Source-Data/2025-07-09 IHACPA Review of ALL existing PYTHON Packages.xlsx -> test_color_fixed.xlsx
2025-07-10 19:05:02 - ihacpa_automation - INFO - All components initialized successfully
2025-07-10 19:05:02 - ihacpa_automation - WARNING - Processing specific packages only. For complete output, process all packages.
2025-07-10 19:05:02 - ihacpa_automation - INFO - Processing 4 packages
2025-07-10 19:05:02 - ihacpa_automation - INFO - Processing batch 1/1
2025-07-10 19:05:02 - ihacpa_automation - INFO - Processing package 52/486: botocore
2025-07-10 19:05:02 - ihacpa_automation - INFO - 📦 botocore: Update available 1.27.59 → 1.39.4
2025-07-10 19:05:02 - ihacpa_automation - INFO - Processing package 58/486: cffi
2025-07-10 19:05:02 - ihacpa_automation - INFO - 📦 cffi: Update available 1.15.1 → 1.17.1
2025-07-10 19:05:02 - ihacpa_automation - INFO - Processing package 84/486: cryptography
2025-07-10 19:05:02 - ihacpa_automation - INFO - 📦 cryptography: Update available 39.0.1 → 45.0.5
2025-07-10 19:05:02 - ihacpa_automation - INFO - Processing package 119/486: docutils
2025-07-10 19:05:02 - ihacpa_automation - INFO - 📦 docutils: Update available 0.18.1 → 0.21.2
2025-07-10 19:05:19 - ihacpa_automation - WARNING - 🔍 botocore: Found 1 vulnerabilities in NIST NVD
2025-07-10 19:05:19 - ihacpa_automation - INFO - ✅ Completed botocore in 17.55s
2025-07-10 19:05:19 - ihacpa_automation - INFO - Progress: 1/486 (0.2%) | Success: 1 | Failed: 0 | Est. remaining: 175.2min
2025-07-10 19:05:19 - ihacpa_automation - WARNING - 🔍 cffi: Found 1 vulnerabilities in NIST NVD
2025-07-10 19:05:19 - ihacpa_automation - INFO - ✅ Completed cffi in 17.36s
2025-07-10 19:05:19 - ihacpa_automation - INFO - Progress: 2/486 (0.4%) | Success: 2 | Failed: 0 | Est. remaining: 87.4min
2025-07-10 19:05:19 - ihacpa_automation - WARNING - 🔍 docutils: Found 7 vulnerabilities in NIST NVD
2025-07-10 19:05:19 - ihacpa_automation - INFO - ✅ Completed docutils in 17.02s
2025-07-10 19:05:19 - ihacpa_automation - INFO - Progress: 3/486 (0.6%) | Success: 3 | Failed: 0 | Est. remaining: 58.2min
2025-07-10 19:05:19 - ihacpa_automation - WARNING - 🔍 cryptography: Found 117 vulnerabilities in NIST NVD
2025-07-10 19:05:19 - ihacpa_automation - INFO - ✅ Completed cryptography in 17.27s
2025-07-10 19:05:19 - ihacpa_automation - INFO - Progress: 4/486 (0.8%) | Success: 4 | Failed: 0 | Est. remaining: 43.7min
2025-07-10 19:05:19 - ihacpa_automation - INFO - Completed batch 1
2025-07-10 19:05:20 - ihacpa_automation - INFO - All packages processed successfully. Output saved to: test_color_fixed.xlsx
2025-07-10 19:05:20 - ihacpa_automation - INFO - Report generated: data/output/ihacpa_report_20250710_190520.txt
2025-07-10 19:05:20 - ihacpa_automation - INFO - Changes report generated: data/output/changes_report_20250710_190520.txt
2025-07-10 19:05:20 - ihacpa_automation - INFO - 📊 Changes made: 62 fields in 4 packages
2025-07-10 19:05:20 - ihacpa_automation - INFO - ============================================================
2025-07-10 19:05:20 - ihacpa_automation - INFO - PROCESSING SUMMARY
2025-07-10 19:05:20 - ihacpa_automation - INFO - ============================================================
2025-07-10 19:05:20 - ihacpa_automation - INFO - Total packages: 486
2025-07-10 19:05:20 - ihacpa_automation - INFO - Successfully processed: 4
2025-07-10 19:05:20 - ihacpa_automation - INFO - Failed: 0
2025-07-10 19:05:20 - ihacpa_automation - INFO - Success rate: 0.8%
2025-07-10 19:05:20 - ihacpa_automation - INFO - Total time: 0.4 minutes
2025-07-10 19:05:20 - ihacpa_automation - INFO - Average time per package: 0.05 seconds
2025-07-10 19:05:20 - ihacpa_automation - INFO - ============================================================
2025-07-10 19:05:20 - ihacpa_automation - INFO - No errors encountered during processing
2025-07-10 19:05:20 - ihacpa_automation - INFO - Automation completed successfully
2025-07-10 19:07:08 - ihacpa_automation - INFO - ============================================================
2025-07-10 19:07:08 - ihacpa_automation - INFO - IHACPA Python Package Review Automation v1.0.0
2025-07-10 19:07:08 - ihacpa_automation - INFO - ============================================================
2025-07-10 19:07:08 - ihacpa_automation - INFO - Configuration loaded from: 05-Configuration-Templates/settings-template.yaml
2025-07-10 19:07:08 - ihacpa_automation - INFO - Total packages to process: 486
2025-07-10 19:07:08 - ihacpa_automation - INFO - Logging level: INFO
2025-07-10 19:07:08 - ihacpa_automation - INFO - Log directory: logs
2025-07-10 19:07:08 - ihacpa_automation - INFO - ============================================================
2025-07-10 19:07:08 - ihacpa_automation - INFO - Creating copy of input file: 02-Source-Data/2025-07-09 IHACPA Review of ALL existing PYTHON Packages.xlsx -> test_color_final_verification.xlsx
2025-07-10 19:07:14 - ihacpa_automation - INFO - All components initialized successfully
2025-07-10 19:07:14 - ihacpa_automation - WARNING - Processing specific packages only. For complete output, process all packages.
2025-07-10 19:07:14 - ihacpa_automation - INFO - Processing 1 packages
2025-07-10 19:07:14 - ihacpa_automation - INFO - Processing batch 1/1
2025-07-10 19:07:14 - ihacpa_automation - INFO - Processing package 477/486: xlwt
2025-07-10 19:07:20 - ihacpa_automation - INFO - ✅ Completed xlwt in 5.72s
2025-07-10 19:07:20 - ihacpa_automation - INFO - Progress: 1/486 (0.2%) | Success: 1 | Failed: 0 | Est. remaining: 100.6min
2025-07-10 19:07:20 - ihacpa_automation - INFO - Completed batch 1
2025-07-10 19:07:20 - ihacpa_automation - INFO - All packages processed successfully. Output saved to: test_color_final_verification.xlsx
2025-07-10 19:07:20 - ihacpa_automation - INFO - Report generated: data/output/ihacpa_report_20250710_190720.txt
2025-07-10 19:07:21 - ihacpa_automation - INFO - Changes report generated: data/output/changes_report_20250710_190720.txt
2025-07-10 19:07:21 - ihacpa_automation - INFO - 📊 Changes made: 8 fields in 1 packages
2025-07-10 19:07:21 - ihacpa_automation - INFO - ============================================================
2025-07-10 19:07:21 - ihacpa_automation - INFO - PROCESSING SUMMARY
2025-07-10 19:07:21 - ihacpa_automation - INFO - ============================================================
2025-07-10 19:07:21 - ihacpa_automation - INFO - Total packages: 486
2025-07-10 19:07:21 - ihacpa_automation - INFO - Successfully processed: 1
2025-07-10 19:07:21 - ihacpa_automation - INFO - Failed: 0
2025-07-10 19:07:21 - ihacpa_automation - INFO - Success rate: 0.2%
2025-07-10 19:07:21 - ihacpa_automation - INFO - Total time: 0.2 minutes
2025-07-10 19:07:21 - ihacpa_automation - INFO - Average time per package: 0.03 seconds
2025-07-10 19:07:21 - ihacpa_automation - INFO - ============================================================
2025-07-10 19:07:21 - ihacpa_automation - INFO - No errors encountered during processing
2025-07-10 19:07:21 - ihacpa_automation - INFO - Automation completed successfully
2025-07-10 20:09:41 - ihacpa_automation - INFO - ============================================================
2025-07-10 20:09:41 - ihacpa_automation - INFO - IHACPA Python Package Review Automation v1.0.0
2025-07-10 20:09:41 - ihacpa_automation - INFO - ============================================================
2025-07-10 20:09:41 - ihacpa_automation - INFO - Configuration loaded from: 05-Configuration-Templates/settings-template.yaml
2025-07-10 20:09:41 - ihacpa_automation - INFO - Total packages to process: 486
2025-07-10 20:09:41 - ihacpa_automation - INFO - Logging level: INFO
2025-07-10 20:09:41 - ihacpa_automation - INFO - Log directory: logs
2025-07-10 20:09:41 - ihacpa_automation - INFO - ============================================================
2025-07-10 20:09:41 - ihacpa_automation - INFO - Creating copy of input file: 02-Source-Data/2025-07-09 IHACPA Review of ALL existing PYTHON Packages.xlsx -> test_alignment_font_fix.xlsx
2025-07-10 20:09:49 - ihacpa_automation - INFO - All components initialized successfully
2025-07-10 20:09:49 - ihacpa_automation - WARNING - Processing specific packages only. For complete output, process all packages.
2025-07-10 20:09:49 - ihacpa_automation - INFO - Processing 1 packages
2025-07-10 20:09:49 - ihacpa_automation - INFO - Processing batch 1/1
2025-07-10 20:09:49 - ihacpa_automation - INFO - Processing package 477/486: xlwt
2025-07-10 20:09:54 - ihacpa_automation - INFO - ✅ Completed xlwt in 5.47s
2025-07-10 20:09:54 - ihacpa_automation - INFO - Progress: 1/486 (0.2%) | Success: 1 | Failed: 0 | Est. remaining: 105.3min
2025-07-10 20:09:55 - ihacpa_automation - INFO - Completed batch 1
2025-07-10 20:09:55 - ihacpa_automation - INFO - All packages processed successfully. Output saved to: test_alignment_font_fix.xlsx
2025-07-10 20:09:55 - ihacpa_automation - INFO - Report generated: data/output/ihacpa_report_20250710_200955.txt
2025-07-10 20:09:55 - ihacpa_automation - INFO - Changes report generated: data/output/changes_report_20250710_200955.txt
2025-07-10 20:09:55 - ihacpa_automation - INFO - 📊 Changes made: 8 fields in 1 packages
2025-07-10 20:09:55 - ihacpa_automation - INFO - ============================================================
2025-07-10 20:09:55 - ihacpa_automation - INFO - PROCESSING SUMMARY
2025-07-10 20:09:55 - ihacpa_automation - INFO - ============================================================
2025-07-10 20:09:55 - ihacpa_automation - INFO - Total packages: 486
2025-07-10 20:09:55 - ihacpa_automation - INFO - Successfully processed: 1
2025-07-10 20:09:55 - ihacpa_automation - INFO - Failed: 0
2025-07-10 20:09:55 - ihacpa_automation - INFO - Success rate: 0.2%
2025-07-10 20:09:55 - ihacpa_automation - INFO - Total time: 0.2 minutes
2025-07-10 20:09:55 - ihacpa_automation - INFO - Average time per package: 0.03 seconds
2025-07-10 20:09:55 - ihacpa_automation - INFO - ============================================================
2025-07-10 20:09:55 - ihacpa_automation - INFO - No errors encountered during processing
2025-07-10 20:09:55 - ihacpa_automation - INFO - Automation completed successfully
2025-07-10 20:10:18 - ihacpa_automation - INFO - ============================================================
2025-07-10 20:10:18 - ihacpa_automation - INFO - IHACPA Python Package Review Automation v1.0.0
2025-07-10 20:10:18 - ihacpa_automation - INFO - ============================================================
2025-07-10 20:10:18 - ihacpa_automation - INFO - Configuration loaded from: 05-Configuration-Templates/settings-template.yaml
2025-07-10 20:10:18 - ihacpa_automation - INFO - Total packages to process: 486
2025-07-10 20:10:18 - ihacpa_automation - INFO - Logging level: INFO
2025-07-10 20:10:18 - ihacpa_automation - INFO - Log directory: logs
2025-07-10 20:10:18 - ihacpa_automation - INFO - ============================================================
2025-07-10 20:10:18 - ihacpa_automation - INFO - Creating copy of input file: 02-Source-Data/2025-07-09 IHACPA Review of ALL existing PYTHON Packages.xlsx -> test_alignment_font_multiple.xlsx
2025-07-10 20:10:22 - ihacpa_automation - INFO - All components initialized successfully
2025-07-10 20:10:22 - ihacpa_automation - WARNING - Processing specific packages only. For complete output, process all packages.
2025-07-10 20:10:22 - ihacpa_automation - INFO - Processing 2 packages
2025-07-10 20:10:22 - ihacpa_automation - INFO - Processing batch 1/1
2025-07-10 20:10:22 - ihacpa_automation - INFO - Processing package 52/486: botocore
2025-07-10 20:10:22 - ihacpa_automation - INFO - 📦 botocore: Update available 1.27.59 → 1.39.4
2025-07-10 20:10:22 - ihacpa_automation - INFO - Processing package 58/486: cffi
2025-07-10 20:10:23 - ihacpa_automation - INFO - 📦 cffi: Update available 1.15.1 → 1.17.1
2025-07-10 20:10:32 - ihacpa_automation - WARNING - 🔍 botocore: Found 1 vulnerabilities in NIST NVD
2025-07-10 20:10:32 - ihacpa_automation - INFO - ✅ Completed botocore in 9.46s
2025-07-10 20:10:32 - ihacpa_automation - INFO - Progress: 1/486 (0.2%) | Success: 1 | Failed: 0 | Est. remaining: 108.0min
2025-07-10 20:10:32 - ihacpa_automation - WARNING - 🔍 cffi: Found 1 vulnerabilities in NIST NVD
2025-07-10 20:10:32 - ihacpa_automation - INFO - ✅ Completed cffi in 9.26s
2025-07-10 20:10:32 - ihacpa_automation - INFO - Progress: 2/486 (0.4%) | Success: 2 | Failed: 0 | Est. remaining: 53.9min
2025-07-10 20:10:32 - ihacpa_automation - INFO - Completed batch 1
2025-07-10 20:10:32 - ihacpa_automation - INFO - All packages processed successfully. Output saved to: test_alignment_font_multiple.xlsx
2025-07-10 20:10:32 - ihacpa_automation - INFO - Report generated: data/output/ihacpa_report_20250710_201032.txt
2025-07-10 20:10:32 - ihacpa_automation - INFO - Changes report generated: data/output/changes_report_20250710_201032.txt
2025-07-10 20:10:32 - ihacpa_automation - INFO - 📊 Changes made: 31 fields in 2 packages
2025-07-10 20:10:32 - ihacpa_automation - INFO - ============================================================
2025-07-10 20:10:32 - ihacpa_automation - INFO - PROCESSING SUMMARY
2025-07-10 20:10:32 - ihacpa_automation - INFO - ============================================================
2025-07-10 20:10:32 - ihacpa_automation - INFO - Total packages: 486
2025-07-10 20:10:32 - ihacpa_automation - INFO - Successfully processed: 2
2025-07-10 20:10:32 - ihacpa_automation - INFO - Failed: 0
2025-07-10 20:10:32 - ihacpa_automation - INFO - Success rate: 0.4%
2025-07-10 20:10:32 - ihacpa_automation - INFO - Total time: 0.2 minutes
2025-07-10 20:10:32 - ihacpa_automation - INFO - Average time per package: 0.03 seconds
2025-07-10 20:10:32 - ihacpa_automation - INFO - ============================================================
2025-07-10 20:10:32 - ihacpa_automation - INFO - No errors encountered during processing
2025-07-10 20:10:32 - ihacpa_automation - INFO - Automation completed successfully
2025-07-10 21:28:18 - ihacpa_automation - INFO - ============================================================
2025-07-10 21:28:18 - ihacpa_automation - INFO - IHACPA Python Package Review Automation v1.0.0
2025-07-10 21:28:18 - ihacpa_automation - INFO - ============================================================
2025-07-10 21:28:18 - ihacpa_automation - INFO - Configuration loaded from: None
2025-07-10 21:28:18 - ihacpa_automation - INFO - Total packages to process: 486
2025-07-10 21:28:18 - ihacpa_automation - INFO - Logging level: INFO
2025-07-10 21:28:18 - ihacpa_automation - INFO - Log directory: logs
2025-07-10 21:28:18 - ihacpa_automation - INFO - ============================================================
2025-07-10 21:28:18 - ihacpa_automation - INFO - Creating copy of input file: 02-Source-Data/2025-07-09 IHACPA Review of ALL existing PYTHON Packages.xlsx -> format_check_test.xlsx
2025-07-10 21:28:22 - ihacpa_automation - INFO - All components initialized successfully
2025-07-10 21:28:22 - ihacpa_automation - INFO - 🔍 Running format check...
2025-07-10 21:28:22 - ihacpa_automation - ERROR - Format check failed: 'RGB' object is not subscriptable
2025-07-10 21:28:52 - ihacpa_automation - INFO - ============================================================
2025-07-10 21:28:52 - ihacpa_automation - INFO - IHACPA Python Package Review Automation v1.0.0
2025-07-10 21:28:52 - ihacpa_automation - INFO - ============================================================
2025-07-10 21:28:52 - ihacpa_automation - INFO - Configuration loaded from: None
2025-07-10 21:28:52 - ihacpa_automation - INFO - Total packages to process: 486
2025-07-10 21:28:52 - ihacpa_automation - INFO - Logging level: INFO
2025-07-10 21:28:52 - ihacpa_automation - INFO - Log directory: logs
2025-07-10 21:28:52 - ihacpa_automation - INFO - ============================================================
2025-07-10 21:28:52 - ihacpa_automation - INFO - Creating copy of input file: 02-Source-Data/2025-07-09 IHACPA Review of ALL existing PYTHON Packages.xlsx -> format_check_test.xlsx
2025-07-10 21:28:55 - ihacpa_automation - INFO - All components initialized successfully
2025-07-10 21:28:55 - ihacpa_automation - INFO - 🔍 Running format check...
2025-07-10 21:28:55 - ihacpa_automation - INFO - 📊 Format check completed:
2025-07-10 21:28:55 - ihacpa_automation - INFO -    Packages checked: 486
2025-07-10 21:28:55 - ihacpa_automation - INFO -    Issues found: 2430
2025-07-10 21:28:55 - ihacpa_automation - INFO -    No fixes applied (dry run mode)
2025-07-10 21:28:55 - ihacpa_automation - INFO -    Issues by column:
2025-07-10 21:28:55 - ihacpa_automation - INFO -      nist_nvd_result: 486 issues
2025-07-10 21:28:55 - ihacpa_automation - INFO -      mitre_cve_result: 486 issues
2025-07-10 21:28:55 - ihacpa_automation - INFO -      snyk_result: 486 issues
2025-07-10 21:28:55 - ihacpa_automation - INFO -      exploit_db_result: 486 issues
2025-07-10 21:28:55 - ihacpa_automation - INFO -      github_advisory_result: 486 issues
2025-07-10 21:28:55 - ihacpa_automation - INFO -    Detailed report: data/output/format_check_report_20250710_212855.txt
2025-07-10 21:28:55 - ihacpa_automation - INFO - 🔍 Running format check...
2025-07-10 21:28:56 - ihacpa_automation - INFO - 📊 Format check completed:
2025-07-10 21:28:56 - ihacpa_automation - INFO -    Packages checked: 486
2025-07-10 21:28:56 - ihacpa_automation - INFO -    Issues found: 2430
2025-07-10 21:28:56 - ihacpa_automation - INFO -    Fixes applied: 2430
2025-07-10 21:28:56 - ihacpa_automation - INFO -    Issues by column:
2025-07-10 21:28:56 - ihacpa_automation - INFO -      nist_nvd_result: 486 issues
2025-07-10 21:28:56 - ihacpa_automation - INFO -      mitre_cve_result: 486 issues
2025-07-10 21:28:56 - ihacpa_automation - INFO -      snyk_result: 486 issues
2025-07-10 21:28:56 - ihacpa_automation - INFO -      exploit_db_result: 486 issues
2025-07-10 21:28:56 - ihacpa_automation - INFO -      github_advisory_result: 486 issues
2025-07-10 21:28:56 - ihacpa_automation - INFO -    Detailed report: data/output/format_check_report_20250710_212856.txt
2025-07-10 23:51:02 - ihacpa_automation - INFO - ============================================================
2025-07-10 23:51:02 - ihacpa_automation - INFO - IHACPA Python Package Review Automation v1.0.0
2025-07-10 23:51:02 - ihacpa_automation - INFO - ============================================================
2025-07-10 23:51:02 - ihacpa_automation - INFO - Configuration loaded from: 05-Configuration-Templates/settings-template.yaml
2025-07-10 23:51:02 - ihacpa_automation - INFO - Total packages to process: 486
2025-07-10 23:51:02 - ihacpa_automation - INFO - Logging level: DEBUG
2025-07-10 23:51:02 - ihacpa_automation - INFO - Log directory: logs
2025-07-10 23:51:02 - ihacpa_automation - INFO - ============================================================
2025-07-10 23:51:02 - ihacpa_automation - INFO - Creating copy of input file: comprehensive_format_fix.xlsx -> comprehensive_format_fix_updated_20250710_235102.xlsx
2025-07-10 23:51:06 - ihacpa_automation - INFO - All components initialized successfully
2025-07-10 23:51:06 - ihacpa_automation - WARNING - Processing rows 25-27 only. For complete output, process all packages.
2025-07-10 23:51:06 - ihacpa_automation - INFO - Processing 3 packages
2025-07-10 23:51:06 - ihacpa_automation - INFO - Processing batch 1/1
2025-07-10 23:51:06 - ihacpa_automation - INFO - Processing package 25/486: asn1crypto
2025-07-10 23:51:06 - ihacpa_automation - INFO - Processing package 26/486: astroid
2025-07-10 23:51:06 - ihacpa_automation - INFO - 📦 astroid: Update available 2.14.2 → 3.3.10
2025-07-10 23:51:06 - ihacpa_automation - INFO - Processing package 27/486: astropy
2025-07-10 23:51:07 - ihacpa_automation - INFO - 📦 astropy: Update available 5.1 → 7.1.0
2025-07-10 23:51:20 - ihacpa_automation - INFO - ✅ Completed asn1crypto in 14.19s
2025-07-10 23:51:20 - ihacpa_automation - INFO - Progress: 1/486 (0.2%) | Success: 1 | Failed: 0 | Est. remaining: 146.9min
2025-07-10 23:51:20 - ihacpa_automation - INFO - ✅ Completed astroid in 13.75s
2025-07-10 23:51:20 - ihacpa_automation - INFO - Progress: 2/486 (0.4%) | Success: 2 | Failed: 0 | Est. remaining: 73.3min
2025-07-10 23:51:20 - ihacpa_automation - INFO - ✅ Completed astropy in 13.35s
2025-07-10 23:51:20 - ihacpa_automation - INFO - Progress: 3/486 (0.6%) | Success: 3 | Failed: 0 | Est. remaining: 48.8min
2025-07-10 23:51:20 - ihacpa_automation - INFO - Completed batch 1
2025-07-10 23:51:20 - ihacpa_automation - INFO - All packages processed successfully. Output saved to: comprehensive_format_fix_updated_20250710_235102.xlsx
2025-07-10 23:51:20 - ihacpa_automation - INFO - Report generated: data/output/ihacpa_report_20250710_235120.txt
2025-07-10 23:51:20 - ihacpa_automation - INFO - Changes report generated: data/output/changes_report_20250710_235120.txt
2025-07-10 23:51:20 - ihacpa_automation - INFO - 📊 Changes made: 32 fields in 3 packages
2025-07-10 23:51:20 - ihacpa_automation - INFO - ============================================================
2025-07-10 23:51:20 - ihacpa_automation - INFO - PROCESSING SUMMARY
2025-07-10 23:51:20 - ihacpa_automation - INFO - ============================================================
2025-07-10 23:51:20 - ihacpa_automation - INFO - Total packages: 486
2025-07-10 23:51:20 - ihacpa_automation - INFO - Successfully processed: 3
2025-07-10 23:51:20 - ihacpa_automation - INFO - Failed: 0
2025-07-10 23:51:20 - ihacpa_automation - INFO - Success rate: 0.6%
2025-07-10 23:51:20 - ihacpa_automation - INFO - Total time: 0.3 minutes
2025-07-10 23:51:20 - ihacpa_automation - INFO - Average time per package: 0.04 seconds
2025-07-10 23:51:20 - ihacpa_automation - INFO - ============================================================
2025-07-10 23:51:20 - ihacpa_automation - INFO - No errors encountered during processing
2025-07-10 23:51:20 - ihacpa_automation - INFO - Automation completed successfully
