2025-07-09 18:18:15 - ihacpa_automation - INFO - ============================================================
2025-07-09 18:18:15 - ihacpa_automation - INFO - IHACPA Python Package Review Automation v1.0.0
2025-07-09 18:18:15 - ihacpa_automation - INFO - ============================================================
2025-07-09 18:18:15 - ihacpa_automation - INFO - Configuration loaded from: 05-Configuration-Templates/settings-template.yaml
2025-07-09 18:18:15 - ihacpa_automation - INFO - Total packages to process: 486
2025-07-09 18:18:15 - ihacpa_automation - INFO - Logging level: DEBUG
2025-07-09 18:18:15 - ihacpa_automation - INFO - Log directory: logs
2025-07-09 18:18:15 - ihacpa_automation - INFO - ============================================================
2025-07-09 18:18:15 - ihacpa_automation - INFO - Creating copy of input file: test_color_highlighting.xlsx -> test_color_output.xlsx
2025-07-09 18:18:15 - ihacpa_automation - INFO - All components initialized successfully
2025-07-09 18:18:15 - ihacpa_automation - WARNING - Processing specific packages only. For complete output, process all packages.
2025-07-09 18:18:15 - ihacpa_automation - INFO - Processing 3 packages
2025-07-09 18:18:15 - ihacpa_automation - INFO - Processing batch 1/1
2025-07-09 18:18:15 - ihacpa_automation - INFO - Processing package 4/486: agate
2025-07-09 18:18:15 - ihacpa_automation - INFO - 📦 agate: Update available 1.9.1 → 1.13.0
2025-07-09 18:18:15 - ihacpa_automation - INFO - Processing package 5/486: aiobotocore
2025-07-09 18:18:16 - ihacpa_automation - INFO - 📦 aiobotocore: Update available 2.4.2 → 2.23.0
2025-07-09 18:18:16 - ihacpa_automation - INFO - Processing package 6/486: aiofiles
2025-07-09 18:18:16 - ihacpa_automation - INFO - 📦 aiofiles: Update available 22.1.0 → 24.1.0
2025-07-09 18:18:17 - ihacpa_automation - WARNING - 🔍 agate: Found 3 vulnerabilities in NIST NVD
2025-07-09 18:18:17 - ihacpa_automation - INFO - ✅ Completed agate in 2.26s
2025-07-09 18:18:17 - ihacpa_automation - INFO - Progress: 1/486 (0.2%) | Success: 1 | Failed: 0 | Est. remaining: 19.9min
2025-07-09 18:18:18 - ihacpa_automation - INFO - ✅ Completed aiobotocore in 2.56s
2025-07-09 18:18:18 - ihacpa_automation - INFO - Progress: 2/486 (0.4%) | Success: 2 | Failed: 0 | Est. remaining: 12.7min
2025-07-09 18:18:18 - ihacpa_automation - INFO - ✅ Completed aiofiles in 2.29s
2025-07-09 18:18:18 - ihacpa_automation - INFO - Progress: 3/486 (0.6%) | Success: 3 | Failed: 0 | Est. remaining: 8.8min
2025-07-09 18:18:18 - ihacpa_automation - INFO - Completed batch 1
2025-07-09 18:18:18 - ihacpa_automation - INFO - All packages processed successfully. Output saved to: test_color_output.xlsx
2025-07-09 18:18:18 - ihacpa_automation - INFO - Report generated: data/output/ihacpa_report_20250709_181818.txt
2025-07-09 18:18:18 - ihacpa_automation - INFO - Changes report generated: data/output/changes_report_20250709_181818.txt
2025-07-09 18:18:18 - ihacpa_automation - INFO - 📊 Changes made: 44 fields in 3 packages
2025-07-09 18:18:18 - ihacpa_automation - INFO - ============================================================
2025-07-09 18:18:18 - ihacpa_automation - INFO - PROCESSING SUMMARY
2025-07-09 18:18:18 - ihacpa_automation - INFO - ============================================================
2025-07-09 18:18:18 - ihacpa_automation - INFO - Total packages: 486
2025-07-09 18:18:18 - ihacpa_automation - INFO - Successfully processed: 3
2025-07-09 18:18:18 - ihacpa_automation - INFO - Failed: 0
2025-07-09 18:18:18 - ihacpa_automation - INFO - Success rate: 0.6%
2025-07-09 18:18:18 - ihacpa_automation - INFO - Total time: 0.1 minutes
2025-07-09 18:18:18 - ihacpa_automation - INFO - Average time per package: 0.01 seconds
2025-07-09 18:18:18 - ihacpa_automation - INFO - ============================================================
2025-07-09 18:18:18 - ihacpa_automation - INFO - No errors encountered during processing
2025-07-09 18:18:18 - ihacpa_automation - INFO - Automation completed successfully
2025-07-09 18:19:30 - ihacpa_automation - INFO - ============================================================
2025-07-09 18:19:30 - ihacpa_automation - INFO - IHACPA Python Package Review Automation v1.0.0
2025-07-09 18:19:30 - ihacpa_automation - INFO - ============================================================
2025-07-09 18:19:30 - ihacpa_automation - INFO - Configuration loaded from: 05-Configuration-Templates/settings-template.yaml
2025-07-09 18:19:30 - ihacpa_automation - INFO - Total packages to process: 486
2025-07-09 18:19:30 - ihacpa_automation - INFO - Logging level: INFO
2025-07-09 18:19:30 - ihacpa_automation - INFO - Log directory: logs
2025-07-09 18:19:30 - ihacpa_automation - INFO - ============================================================
2025-07-09 18:19:30 - ihacpa_automation - INFO - Creating copy of input file: test_color_highlighting.xlsx -> test_color_output2.xlsx
2025-07-09 18:19:31 - ihacpa_automation - INFO - All components initialized successfully
2025-07-09 18:19:31 - ihacpa_automation - WARNING - Processing specific packages only. For complete output, process all packages.
2025-07-09 18:19:31 - ihacpa_automation - INFO - Processing 3 packages
2025-07-09 18:19:31 - ihacpa_automation - INFO - Processing batch 1/1
2025-07-09 18:19:31 - ihacpa_automation - INFO - Processing package 4/486: agate
2025-07-09 18:19:31 - ihacpa_automation - INFO - 📦 agate: Update available 1.9.1 → 1.13.0
2025-07-09 18:19:31 - ihacpa_automation - INFO - Processing package 5/486: aiobotocore
2025-07-09 18:19:31 - ihacpa_automation - INFO - 📦 aiobotocore: Update available 2.4.2 → 2.23.0
2025-07-09 18:19:31 - ihacpa_automation - INFO - Processing package 6/486: aiofiles
2025-07-09 18:19:31 - ihacpa_automation - INFO - 📦 aiofiles: Update available 22.1.0 → 24.1.0
2025-07-09 18:19:32 - ihacpa_automation - WARNING - 🔍 agate: Found 3 vulnerabilities in NIST NVD
2025-07-09 18:19:32 - ihacpa_automation - INFO - ✅ Completed agate in 1.76s
2025-07-09 18:19:32 - ihacpa_automation - INFO - Progress: 1/486 (0.2%) | Success: 1 | Failed: 0 | Est. remaining: 15.9min
2025-07-09 18:19:33 - ihacpa_automation - INFO - ✅ Completed aiobotocore in 2.43s
2025-07-09 18:19:33 - ihacpa_automation - INFO - Progress: 2/486 (0.4%) | Success: 2 | Failed: 0 | Est. remaining: 12.0min
2025-07-09 18:19:33 - ihacpa_automation - INFO - ✅ Completed aiofiles in 2.31s
2025-07-09 18:19:33 - ihacpa_automation - INFO - Progress: 3/486 (0.6%) | Success: 3 | Failed: 0 | Est. remaining: 8.0min
2025-07-09 18:19:33 - ihacpa_automation - INFO - Completed batch 1
2025-07-09 18:19:34 - ihacpa_automation - INFO - All packages processed successfully. Output saved to: test_color_output2.xlsx
2025-07-09 18:19:34 - ihacpa_automation - INFO - Report generated: data/output/ihacpa_report_20250709_181934.txt
2025-07-09 18:19:34 - ihacpa_automation - ERROR - Configuration generate_changes_report error: 'NoneType' object has no attribute 'upper'
2025-07-09 18:19:34 - ihacpa_automation - INFO - ============================================================
2025-07-09 18:19:34 - ihacpa_automation - INFO - PROCESSING SUMMARY
2025-07-09 18:19:34 - ihacpa_automation - INFO - ============================================================
2025-07-09 18:19:34 - ihacpa_automation - INFO - Total packages: 486
2025-07-09 18:19:34 - ihacpa_automation - INFO - Successfully processed: 3
2025-07-09 18:19:34 - ihacpa_automation - INFO - Failed: 0
2025-07-09 18:19:34 - ihacpa_automation - INFO - Success rate: 0.6%
2025-07-09 18:19:34 - ihacpa_automation - INFO - Total time: 0.1 minutes
2025-07-09 18:19:34 - ihacpa_automation - INFO - Average time per package: 0.01 seconds
2025-07-09 18:19:34 - ihacpa_automation - INFO - ============================================================
2025-07-09 18:19:34 - ihacpa_automation - INFO - ERROR SUMMARY
2025-07-09 18:19:34 - ihacpa_automation - INFO - ----------------------------------------
2025-07-09 18:19:34 - ihacpa_automation - INFO - CONFIG ERRORS:
2025-07-09 18:19:34 - ihacpa_automation - INFO -   generate_changes_report: 1 occurrences
2025-07-09 18:19:34 - ihacpa_automation - INFO - Total errors: 1
2025-07-09 18:19:34 - ihacpa_automation - INFO - Automation completed successfully
2025-07-09 18:20:17 - ihacpa_automation - INFO - ============================================================
2025-07-09 18:20:17 - ihacpa_automation - INFO - IHACPA Python Package Review Automation v1.0.0
2025-07-09 18:20:17 - ihacpa_automation - INFO - ============================================================
2025-07-09 18:20:17 - ihacpa_automation - INFO - Configuration loaded from: 05-Configuration-Templates/settings-template.yaml
2025-07-09 18:20:17 - ihacpa_automation - INFO - Total packages to process: 486
2025-07-09 18:20:17 - ihacpa_automation - INFO - Logging level: INFO
2025-07-09 18:20:17 - ihacpa_automation - INFO - Log directory: logs
2025-07-09 18:20:17 - ihacpa_automation - INFO - ============================================================
2025-07-09 18:20:17 - ihacpa_automation - INFO - Creating copy of input file: test_color_highlighting.xlsx -> test_color_output3.xlsx
2025-07-09 18:20:17 - ihacpa_automation - INFO - All components initialized successfully
2025-07-09 18:20:17 - ihacpa_automation - WARNING - Processing specific packages only. For complete output, process all packages.
2025-07-09 18:20:17 - ihacpa_automation - INFO - Processing 2 packages
2025-07-09 18:20:17 - ihacpa_automation - INFO - Processing batch 1/1
2025-07-09 18:20:17 - ihacpa_automation - INFO - Processing package 4/486: agate
2025-07-09 18:20:17 - ihacpa_automation - INFO - 📦 agate: Update available 1.9.1 → 1.13.0
2025-07-09 18:20:17 - ihacpa_automation - INFO - Processing package 5/486: aiobotocore
2025-07-09 18:20:17 - ihacpa_automation - INFO - 📦 aiobotocore: Update available 2.4.2 → 2.23.0
2025-07-09 18:20:18 - ihacpa_automation - WARNING - 🔍 agate: Found 3 vulnerabilities in NIST NVD
2025-07-09 18:20:18 - ihacpa_automation - INFO - ✅ Completed agate in 1.49s
2025-07-09 18:20:18 - ihacpa_automation - INFO - Progress: 1/486 (0.2%) | Success: 1 | Failed: 0 | Est. remaining: 13.7min
2025-07-09 18:20:19 - ihacpa_automation - INFO - ✅ Completed aiobotocore in 2.29s
2025-07-09 18:20:19 - ihacpa_automation - INFO - Progress: 2/486 (0.4%) | Success: 2 | Failed: 0 | Est. remaining: 10.6min
2025-07-09 18:20:19 - ihacpa_automation - INFO - Completed batch 1
2025-07-09 18:20:19 - ihacpa_automation - INFO - All packages processed successfully. Output saved to: test_color_output3.xlsx
2025-07-09 18:20:19 - ihacpa_automation - INFO - Report generated: data/output/ihacpa_report_20250709_182019.txt
2025-07-09 18:20:20 - ihacpa_automation - INFO - Changes report generated: data/output/changes_report_20250709_182019.txt
2025-07-09 18:20:20 - ihacpa_automation - INFO - 📊 Changes made: 29 fields in 2 packages
2025-07-09 18:20:20 - ihacpa_automation - INFO - ============================================================
2025-07-09 18:20:20 - ihacpa_automation - INFO - PROCESSING SUMMARY
2025-07-09 18:20:20 - ihacpa_automation - INFO - ============================================================
2025-07-09 18:20:20 - ihacpa_automation - INFO - Total packages: 486
2025-07-09 18:20:20 - ihacpa_automation - INFO - Successfully processed: 2
2025-07-09 18:20:20 - ihacpa_automation - INFO - Failed: 0
2025-07-09 18:20:20 - ihacpa_automation - INFO - Success rate: 0.4%
2025-07-09 18:20:20 - ihacpa_automation - INFO - Total time: 0.1 minutes
2025-07-09 18:20:20 - ihacpa_automation - INFO - Average time per package: 0.01 seconds
2025-07-09 18:20:20 - ihacpa_automation - INFO - ============================================================
2025-07-09 18:20:20 - ihacpa_automation - INFO - No errors encountered during processing
2025-07-09 18:20:20 - ihacpa_automation - INFO - Automation completed successfully
2025-07-09 18:36:20 - ihacpa_automation - INFO - ============================================================
2025-07-09 18:36:20 - ihacpa_automation - INFO - IHACPA Python Package Review Automation v1.0.0
2025-07-09 18:36:20 - ihacpa_automation - INFO - ============================================================
2025-07-09 18:36:20 - ihacpa_automation - INFO - Configuration loaded from: 05-Configuration-Templates/settings-template.yaml
2025-07-09 18:36:20 - ihacpa_automation - INFO - Total packages to process: 486
2025-07-09 18:36:20 - ihacpa_automation - INFO - Logging level: DEBUG
2025-07-09 18:36:20 - ihacpa_automation - INFO - Log directory: logs
2025-07-09 18:36:20 - ihacpa_automation - INFO - ============================================================
2025-07-09 18:36:20 - ihacpa_automation - INFO - Creating copy of input file: test_date_published_verification.xlsx -> test_date_published_output.xlsx
2025-07-09 18:36:20 - ihacpa_automation - INFO - All components initialized successfully
2025-07-09 18:36:20 - ihacpa_automation - WARNING - Processing specific packages only. For complete output, process all packages.
2025-07-09 18:36:20 - ihacpa_automation - INFO - Processing 4 packages
2025-07-09 18:36:20 - ihacpa_automation - INFO - Processing batch 1/1
2025-07-09 18:36:20 - ihacpa_automation - INFO - Processing package 4/486: agate
2025-07-09 18:36:20 - ihacpa_automation - INFO - 📦 agate: Update available 1.9.1 → 1.13.0
2025-07-09 18:36:20 - ihacpa_automation - INFO - Processing package 5/486: aiobotocore
2025-07-09 18:36:20 - ihacpa_automation - INFO - 📦 aiobotocore: Update available 2.4.2 → 2.23.0
2025-07-09 18:36:20 - ihacpa_automation - INFO - Processing package 6/486: aiofiles
2025-07-09 18:36:21 - ihacpa_automation - INFO - 📦 aiofiles: Update available 22.1.0 → 24.1.0
2025-07-09 18:36:21 - ihacpa_automation - INFO - Processing package 7/486: aiohttp
2025-07-09 18:36:21 - ihacpa_automation - INFO - 📦 aiohttp: Update available 3.8.3 → 3.12.13
2025-07-09 18:36:22 - ihacpa_automation - WARNING - 🔍 agate: Found 3 vulnerabilities in NIST NVD
2025-07-09 18:36:22 - ihacpa_automation - INFO - ✅ Completed agate in 2.09s
2025-07-09 18:36:22 - ihacpa_automation - INFO - Progress: 1/486 (0.2%) | Success: 1 | Failed: 0 | Est. remaining: 18.4min
2025-07-09 18:36:23 - ihacpa_automation - INFO - ✅ Completed aiobotocore in 2.97s
2025-07-09 18:36:23 - ihacpa_automation - INFO - Progress: 2/486 (0.4%) | Success: 2 | Failed: 0 | Est. remaining: 13.4min
2025-07-09 18:36:23 - ihacpa_automation - WARNING - 🔍 aiohttp: Found 16 vulnerabilities in NIST NVD
2025-07-09 18:36:23 - ihacpa_automation - INFO - ✅ Completed aiohttp in 2.52s
2025-07-09 18:36:23 - ihacpa_automation - INFO - Progress: 3/486 (0.6%) | Success: 3 | Failed: 0 | Est. remaining: 9.2min
2025-07-09 18:36:23 - ihacpa_automation - INFO - ✅ Completed aiofiles in 3.00s
2025-07-09 18:36:23 - ihacpa_automation - INFO - Progress: 4/486 (0.8%) | Success: 4 | Failed: 0 | Est. remaining: 7.1min
2025-07-09 18:36:23 - ihacpa_automation - INFO - Completed batch 1
2025-07-09 18:36:23 - ihacpa_automation - INFO - All packages processed successfully. Output saved to: test_date_published_output.xlsx
2025-07-09 18:36:23 - ihacpa_automation - INFO - Report generated: data/output/ihacpa_report_20250709_183623.txt
2025-07-09 18:36:24 - ihacpa_automation - INFO - Changes report generated: data/output/changes_report_20250709_183623.txt
2025-07-09 18:36:24 - ihacpa_automation - INFO - 📊 Changes made: 64 fields in 4 packages
2025-07-09 18:36:24 - ihacpa_automation - INFO - ============================================================
2025-07-09 18:36:24 - ihacpa_automation - INFO - PROCESSING SUMMARY
2025-07-09 18:36:24 - ihacpa_automation - INFO - ============================================================
2025-07-09 18:36:24 - ihacpa_automation - INFO - Total packages: 486
2025-07-09 18:36:24 - ihacpa_automation - INFO - Successfully processed: 4
2025-07-09 18:36:24 - ihacpa_automation - INFO - Failed: 0
2025-07-09 18:36:24 - ihacpa_automation - INFO - Success rate: 0.8%
2025-07-09 18:36:24 - ihacpa_automation - INFO - Total time: 0.1 minutes
2025-07-09 18:36:24 - ihacpa_automation - INFO - Average time per package: 0.01 seconds
2025-07-09 18:36:24 - ihacpa_automation - INFO - ============================================================
2025-07-09 18:36:24 - ihacpa_automation - INFO - No errors encountered during processing
2025-07-09 18:36:24 - ihacpa_automation - INFO - Automation completed successfully
2025-07-09 18:48:26 - ihacpa_automation - INFO - ============================================================
2025-07-09 18:48:26 - ihacpa_automation - INFO - IHACPA Python Package Review Automation v1.0.0
2025-07-09 18:48:26 - ihacpa_automation - INFO - ============================================================
2025-07-09 18:48:26 - ihacpa_automation - INFO - Configuration loaded from: 05-Configuration-Templates/settings-template.yaml
2025-07-09 18:48:26 - ihacpa_automation - INFO - Total packages to process: 486
2025-07-09 18:48:26 - ihacpa_automation - INFO - Logging level: INFO
2025-07-09 18:48:26 - ihacpa_automation - INFO - Log directory: logs
2025-07-09 18:48:26 - ihacpa_automation - INFO - ============================================================
2025-07-09 18:48:26 - ihacpa_automation - INFO - Creating copy of input file: 02-Source-Data/2025-07-09 IHACPA Review of ALL existing PYTHON Packages.xlsx -> output.xlsx
2025-07-09 18:48:26 - ihacpa_automation - INFO - All components initialized successfully
2025-07-09 18:48:26 - ihacpa_automation - WARNING - Processing rows 4-10 only. For complete output, process all packages.
2025-07-09 18:48:26 - ihacpa_automation - INFO - Processing 7 packages
2025-07-09 18:48:26 - ihacpa_automation - INFO - Processing batch 1/1
2025-07-09 18:48:26 - ihacpa_automation - INFO - Processing package 4/486: agate
2025-07-09 18:48:26 - ihacpa_automation - INFO - ✅ Completed agate in 0.00s
2025-07-09 18:48:26 - ihacpa_automation - INFO - Progress: 1/486 (0.2%) | Success: 1 | Failed: 0 | Est. remaining: 1.6min
2025-07-09 18:48:26 - ihacpa_automation - INFO - Processing package 5/486: aiobotocore
2025-07-09 18:48:26 - ihacpa_automation - INFO - ✅ Completed aiobotocore in 0.00s
2025-07-09 18:48:26 - ihacpa_automation - INFO - Progress: 2/486 (0.4%) | Success: 2 | Failed: 0 | Est. remaining: 0.8min
2025-07-09 18:48:26 - ihacpa_automation - INFO - Processing package 6/486: aiofiles
2025-07-09 18:48:26 - ihacpa_automation - INFO - ✅ Completed aiofiles in 0.00s
2025-07-09 18:48:26 - ihacpa_automation - INFO - Progress: 3/486 (0.6%) | Success: 3 | Failed: 0 | Est. remaining: 0.5min
2025-07-09 18:48:26 - ihacpa_automation - INFO - Processing package 7/486: aiohttp
2025-07-09 18:48:26 - ihacpa_automation - INFO - ✅ Completed aiohttp in 0.00s
2025-07-09 18:48:26 - ihacpa_automation - INFO - Progress: 4/486 (0.8%) | Success: 4 | Failed: 0 | Est. remaining: 0.4min
2025-07-09 18:48:26 - ihacpa_automation - INFO - Processing package 8/486: aioitertools
2025-07-09 18:48:26 - ihacpa_automation - INFO - ✅ Completed aioitertools in 0.00s
2025-07-09 18:48:26 - ihacpa_automation - INFO - Progress: 5/486 (1.0%) | Success: 5 | Failed: 0 | Est. remaining: 0.3min
2025-07-09 18:48:26 - ihacpa_automation - INFO - Processing package 9/486: aiosignal
2025-07-09 18:48:26 - ihacpa_automation - INFO - ✅ Completed aiosignal in 0.00s
2025-07-09 18:48:26 - ihacpa_automation - INFO - Progress: 6/486 (1.2%) | Success: 6 | Failed: 0 | Est. remaining: 0.3min
2025-07-09 18:48:26 - ihacpa_automation - INFO - Processing package 10/486: aiosqlite
2025-07-09 18:48:26 - ihacpa_automation - INFO - ✅ Completed aiosqlite in 0.00s
2025-07-09 18:48:26 - ihacpa_automation - INFO - Progress: 7/486 (1.4%) | Success: 7 | Failed: 0 | Est. remaining: 0.2min
2025-07-09 18:48:27 - ihacpa_automation - INFO - Completed batch 1
2025-07-09 18:48:27 - ihacpa_automation - INFO - All packages processed successfully. Output saved to: output.xlsx
2025-07-09 18:48:27 - ihacpa_automation - INFO - Report generated: data/output/ihacpa_report_20250709_184827.txt
2025-07-09 18:48:27 - ihacpa_automation - INFO - Changes report generated: data/output/changes_report_20250709_184827.txt
2025-07-09 18:48:27 - ihacpa_automation - INFO - 📊 No changes detected
2025-07-09 18:48:27 - ihacpa_automation - INFO - ============================================================
2025-07-09 18:48:27 - ihacpa_automation - INFO - PROCESSING SUMMARY
2025-07-09 18:48:27 - ihacpa_automation - INFO - ============================================================
2025-07-09 18:48:27 - ihacpa_automation - INFO - Total packages: 486
2025-07-09 18:48:27 - ihacpa_automation - INFO - Successfully processed: 7
2025-07-09 18:48:27 - ihacpa_automation - INFO - Failed: 0
2025-07-09 18:48:27 - ihacpa_automation - INFO - Success rate: 1.4%
2025-07-09 18:48:27 - ihacpa_automation - INFO - Total time: 0.0 minutes
2025-07-09 18:48:27 - ihacpa_automation - INFO - Average time per package: 0.00 seconds
2025-07-09 18:48:27 - ihacpa_automation - INFO - ============================================================
2025-07-09 18:48:27 - ihacpa_automation - INFO - No errors encountered during processing
2025-07-09 18:48:27 - ihacpa_automation - INFO - Automation completed successfully
2025-07-09 18:56:52 - ihacpa_automation - INFO - ============================================================
2025-07-09 18:56:52 - ihacpa_automation - INFO - IHACPA Python Package Review Automation v1.0.0
2025-07-09 18:56:52 - ihacpa_automation - INFO - ============================================================
2025-07-09 18:56:52 - ihacpa_automation - INFO - Configuration loaded from: 05-Configuration-Templates/settings-template.yaml
2025-07-09 18:56:52 - ihacpa_automation - INFO - Total packages to process: 486
2025-07-09 18:56:52 - ihacpa_automation - INFO - Logging level: INFO
2025-07-09 18:56:52 - ihacpa_automation - INFO - Log directory: logs
2025-07-09 18:56:52 - ihacpa_automation - INFO - ============================================================
2025-07-09 18:56:52 - ihacpa_automation - INFO - Creating copy of input file: 02-Source-Data/2025-07-09 IHACPA Review of ALL existing PYTHON Packages.xlsx -> test_fix_output.xlsx
2025-07-09 18:56:52 - ihacpa_automation - INFO - All components initialized successfully
2025-07-09 18:56:52 - ihacpa_automation - WARNING - Processing rows 4-10 only. For complete output, process all packages.
2025-07-09 18:56:52 - ihacpa_automation - INFO - Processing 7 packages
2025-07-09 18:56:52 - ihacpa_automation - INFO - Processing batch 1/1
2025-07-09 18:56:52 - ihacpa_automation - INFO - Processing package 4/486: agate
2025-07-09 18:56:52 - ihacpa_automation - INFO - ✅ Completed agate in 0.00s
2025-07-09 18:56:52 - ihacpa_automation - INFO - Progress: 1/486 (0.2%) | Success: 1 | Failed: 0 | Est. remaining: 1.5min
2025-07-09 18:56:52 - ihacpa_automation - INFO - Processing package 5/486: aiobotocore
2025-07-09 18:56:52 - ihacpa_automation - INFO - ✅ Completed aiobotocore in 0.00s
2025-07-09 18:56:52 - ihacpa_automation - INFO - Progress: 2/486 (0.4%) | Success: 2 | Failed: 0 | Est. remaining: 0.8min
2025-07-09 18:56:52 - ihacpa_automation - INFO - Processing package 6/486: aiofiles
2025-07-09 18:56:52 - ihacpa_automation - INFO - ✅ Completed aiofiles in 0.00s
2025-07-09 18:56:52 - ihacpa_automation - INFO - Progress: 3/486 (0.6%) | Success: 3 | Failed: 0 | Est. remaining: 0.5min
2025-07-09 18:56:52 - ihacpa_automation - INFO - Processing package 7/486: aiohttp
2025-07-09 18:56:52 - ihacpa_automation - INFO - ✅ Completed aiohttp in 0.00s
2025-07-09 18:56:52 - ihacpa_automation - INFO - Progress: 4/486 (0.8%) | Success: 4 | Failed: 0 | Est. remaining: 0.4min
2025-07-09 18:56:52 - ihacpa_automation - INFO - Processing package 8/486: aioitertools
2025-07-09 18:56:52 - ihacpa_automation - INFO - ✅ Completed aioitertools in 0.00s
2025-07-09 18:56:52 - ihacpa_automation - INFO - Progress: 5/486 (1.0%) | Success: 5 | Failed: 0 | Est. remaining: 0.3min
2025-07-09 18:56:52 - ihacpa_automation - INFO - Processing package 9/486: aiosignal
2025-07-09 18:56:52 - ihacpa_automation - INFO - ✅ Completed aiosignal in 0.00s
2025-07-09 18:56:52 - ihacpa_automation - INFO - Progress: 6/486 (1.2%) | Success: 6 | Failed: 0 | Est. remaining: 0.3min
2025-07-09 18:56:52 - ihacpa_automation - INFO - Processing package 10/486: aiosqlite
2025-07-09 18:56:52 - ihacpa_automation - INFO - ✅ Completed aiosqlite in 0.00s
2025-07-09 18:56:52 - ihacpa_automation - INFO - Progress: 7/486 (1.4%) | Success: 7 | Failed: 0 | Est. remaining: 0.2min
2025-07-09 18:56:52 - ihacpa_automation - INFO - Completed batch 1
2025-07-09 18:56:52 - ihacpa_automation - INFO - All packages processed successfully. Output saved to: test_fix_output.xlsx
2025-07-09 18:56:52 - ihacpa_automation - INFO - Report generated: data/output/ihacpa_report_20250709_185652.txt
2025-07-09 18:56:52 - ihacpa_automation - INFO - Changes report generated: data/output/changes_report_20250709_185652.txt
2025-07-09 18:56:52 - ihacpa_automation - INFO - 📊 No changes detected
2025-07-09 18:56:52 - ihacpa_automation - INFO - ============================================================
2025-07-09 18:56:52 - ihacpa_automation - INFO - PROCESSING SUMMARY
2025-07-09 18:56:52 - ihacpa_automation - INFO - ============================================================
2025-07-09 18:56:52 - ihacpa_automation - INFO - Total packages: 486
2025-07-09 18:56:52 - ihacpa_automation - INFO - Successfully processed: 7
2025-07-09 18:56:52 - ihacpa_automation - INFO - Failed: 0
2025-07-09 18:56:52 - ihacpa_automation - INFO - Success rate: 1.4%
2025-07-09 18:56:52 - ihacpa_automation - INFO - Total time: 0.0 minutes
2025-07-09 18:56:52 - ihacpa_automation - INFO - Average time per package: 0.00 seconds
2025-07-09 18:56:52 - ihacpa_automation - INFO - ============================================================
2025-07-09 18:56:52 - ihacpa_automation - INFO - No errors encountered during processing
2025-07-09 18:56:52 - ihacpa_automation - INFO - Automation completed successfully
2025-07-09 18:57:33 - ihacpa_automation - INFO - ============================================================
2025-07-09 18:57:33 - ihacpa_automation - INFO - IHACPA Python Package Review Automation v1.0.0
2025-07-09 18:57:33 - ihacpa_automation - INFO - ============================================================
2025-07-09 18:57:33 - ihacpa_automation - INFO - Configuration loaded from: 05-Configuration-Templates/settings-template.yaml
2025-07-09 18:57:33 - ihacpa_automation - INFO - Total packages to process: 486
2025-07-09 18:57:33 - ihacpa_automation - INFO - Logging level: INFO
2025-07-09 18:57:33 - ihacpa_automation - INFO - Log directory: logs
2025-07-09 18:57:33 - ihacpa_automation - INFO - ============================================================
2025-07-09 18:57:33 - ihacpa_automation - INFO - Creating copy of input file: 02-Source-Data/2025-07-09 IHACPA Review of ALL existing PYTHON Packages.xlsx -> test_fix_output2.xlsx
2025-07-09 18:57:33 - ihacpa_automation - INFO - All components initialized successfully
2025-07-09 18:57:33 - ihacpa_automation - WARNING - Processing rows 4-10 only. For complete output, process all packages.
2025-07-09 18:57:33 - ihacpa_automation - INFO - Processing 7 packages
2025-07-09 18:57:33 - ihacpa_automation - INFO - Processing batch 1/1
2025-07-09 18:57:33 - ihacpa_automation - INFO - Processing package 4/486: agate
2025-07-09 18:57:33 - ihacpa_automation - INFO - 📦 agate: Update available 1.9.1 → 1.13.0
2025-07-09 18:57:33 - ihacpa_automation - INFO - Processing package 5/486: aiobotocore
2025-07-09 18:57:33 - ihacpa_automation - INFO - 📦 aiobotocore: Update available 2.4.2 → 2.23.0
2025-07-09 18:57:33 - ihacpa_automation - INFO - Processing package 6/486: aiofiles
2025-07-09 18:57:34 - ihacpa_automation - INFO - 📦 aiofiles: Update available 22.1.0 → 24.1.0
2025-07-09 18:57:34 - ihacpa_automation - INFO - Processing package 7/486: aiohttp
2025-07-09 18:57:34 - ihacpa_automation - INFO - 📦 aiohttp: Update available 3.8.3 → 3.12.13
2025-07-09 18:57:34 - ihacpa_automation - INFO - Processing package 8/486: aioitertools
2025-07-09 18:57:34 - ihacpa_automation - INFO - 📦 aioitertools: Update available 0.7.1 → 0.12.0
2025-07-09 18:57:35 - ihacpa_automation - WARNING - 🔍 agate: Found 3 vulnerabilities in NIST NVD
2025-07-09 18:57:35 - ihacpa_automation - INFO - ✅ Completed agate in 1.92s
2025-07-09 18:57:35 - ihacpa_automation - INFO - Progress: 1/486 (0.2%) | Success: 1 | Failed: 0 | Est. remaining: 17.1min
2025-07-09 18:57:35 - ihacpa_automation - INFO - Processing package 9/486: aiosignal
2025-07-09 18:57:35 - ihacpa_automation - INFO - 📦 aiosignal: Update available 1.2.0 → 1.4.0
2025-07-09 18:57:36 - ihacpa_automation - INFO - ✅ Completed aiosignal in 0.42s
2025-07-09 18:57:36 - ihacpa_automation - INFO - Progress: 2/486 (0.4%) | Success: 2 | Failed: 0 | Est. remaining: 10.2min
2025-07-09 18:57:36 - ihacpa_automation - INFO - Processing package 10/486: aiosqlite
2025-07-09 18:57:36 - ihacpa_automation - INFO - 📦 aiosqlite: Update available 0.18.0 → 0.21.0
2025-07-09 18:57:36 - ihacpa_automation - INFO - ✅ Completed aioitertools in 2.16s
2025-07-09 18:57:36 - ihacpa_automation - INFO - Progress: 3/486 (0.6%) | Success: 3 | Failed: 0 | Est. remaining: 8.0min
2025-07-09 18:57:36 - ihacpa_automation - INFO - ✅ Completed aiofiles in 2.66s
2025-07-09 18:57:36 - ihacpa_automation - INFO - Progress: 4/486 (0.8%) | Success: 4 | Failed: 0 | Est. remaining: 6.3min
2025-07-09 18:57:36 - ihacpa_automation - INFO - ✅ Completed aiobotocore in 2.93s
2025-07-09 18:57:36 - ihacpa_automation - INFO - Progress: 5/486 (1.0%) | Success: 5 | Failed: 0 | Est. remaining: 5.2min
2025-07-09 18:57:36 - ihacpa_automation - WARNING - 🔍 aiohttp: Found 16 vulnerabilities in NIST NVD
2025-07-09 18:57:36 - ihacpa_automation - INFO - ✅ Completed aiohttp in 2.79s
2025-07-09 18:57:36 - ihacpa_automation - INFO - Progress: 6/486 (1.2%) | Success: 6 | Failed: 0 | Est. remaining: 4.5min
2025-07-09 18:57:37 - ihacpa_automation - INFO - ✅ Completed aiosqlite in 1.00s
2025-07-09 18:57:37 - ihacpa_automation - INFO - Progress: 7/486 (1.4%) | Success: 7 | Failed: 0 | Est. remaining: 4.0min
2025-07-09 18:57:37 - ihacpa_automation - INFO - Completed batch 1
2025-07-09 18:57:37 - ihacpa_automation - INFO - All packages processed successfully. Output saved to: test_fix_output2.xlsx
2025-07-09 18:57:37 - ihacpa_automation - INFO - Report generated: data/output/ihacpa_report_20250709_185737.txt
2025-07-09 18:57:37 - ihacpa_automation - INFO - Changes report generated: data/output/changes_report_20250709_185737.txt
2025-07-09 18:57:37 - ihacpa_automation - INFO - 📊 Changes made: 113 fields in 7 packages
2025-07-09 18:57:37 - ihacpa_automation - INFO - ============================================================
2025-07-09 18:57:37 - ihacpa_automation - INFO - PROCESSING SUMMARY
2025-07-09 18:57:37 - ihacpa_automation - INFO - ============================================================
2025-07-09 18:57:37 - ihacpa_automation - INFO - Total packages: 486
2025-07-09 18:57:37 - ihacpa_automation - INFO - Successfully processed: 7
2025-07-09 18:57:37 - ihacpa_automation - INFO - Failed: 0
2025-07-09 18:57:37 - ihacpa_automation - INFO - Success rate: 1.4%
2025-07-09 18:57:37 - ihacpa_automation - INFO - Total time: 0.1 minutes
2025-07-09 18:57:37 - ihacpa_automation - INFO - Average time per package: 0.01 seconds
2025-07-09 18:57:37 - ihacpa_automation - INFO - ============================================================
2025-07-09 18:57:37 - ihacpa_automation - INFO - No errors encountered during processing
2025-07-09 18:57:37 - ihacpa_automation - INFO - Automation completed successfully
2025-07-09 19:22:02 - ihacpa_automation - INFO - ============================================================
2025-07-09 19:22:02 - ihacpa_automation - INFO - IHACPA Python Package Review Automation v1.0.0
2025-07-09 19:22:02 - ihacpa_automation - INFO - ============================================================
2025-07-09 19:22:02 - ihacpa_automation - INFO - Configuration loaded from: 05-Configuration-Templates/settings-template.yaml
2025-07-09 19:22:02 - ihacpa_automation - INFO - Total packages to process: 486
2025-07-09 19:22:02 - ihacpa_automation - INFO - Logging level: INFO
2025-07-09 19:22:02 - ihacpa_automation - INFO - Log directory: logs
2025-07-09 19:22:02 - ihacpa_automation - INFO - ============================================================
2025-07-09 19:22:02 - ihacpa_automation - INFO - Creating copy of input file: 02-Source-Data/2025-07-09 IHACPA Review of ALL existing PYTHON Packages.xlsx -> test_pytz_fix.xlsx
2025-07-09 19:22:02 - ihacpa_automation - INFO - All components initialized successfully
2025-07-09 19:22:02 - ihacpa_automation - WARNING - Processing specific packages only. For complete output, process all packages.
2025-07-09 19:22:02 - ihacpa_automation - INFO - Processing 3 packages
2025-07-09 19:22:02 - ihacpa_automation - INFO - Processing batch 1/1
2025-07-09 19:22:02 - ihacpa_automation - INFO - Processing package 352/486: pytz
2025-07-09 19:22:02 - ihacpa_automation - INFO - 📦 pytz: Update available 2022.7 → 2025.2
2025-07-09 19:22:02 - ihacpa_automation - INFO - Processing package 366/486: recordlinkage
2025-07-09 19:22:03 - ihacpa_automation - INFO - 📦 recordlinkage: Update available 0.16 → 0.16
2025-07-09 19:22:03 - ihacpa_automation - INFO - Processing package 486/486: zope.event
2025-07-09 19:22:03 - ihacpa_automation - INFO - 📦 zope.event: Update available 5 → 5.1
2025-07-09 19:22:04 - ihacpa_automation - INFO - ✅ Completed pytz in 2.03s
2025-07-09 19:22:04 - ihacpa_automation - INFO - Progress: 1/486 (0.2%) | Success: 1 | Failed: 0 | Est. remaining: 18.1min
2025-07-09 19:22:05 - ihacpa_automation - INFO - ✅ Completed recordlinkage in 2.65s
2025-07-09 19:22:05 - ihacpa_automation - INFO - Progress: 2/486 (0.4%) | Success: 2 | Failed: 0 | Est. remaining: 13.0min
2025-07-09 19:22:05 - ihacpa_automation - INFO - ✅ Completed zope.event in 2.33s
2025-07-09 19:22:05 - ihacpa_automation - INFO - Progress: 3/486 (0.6%) | Success: 3 | Failed: 0 | Est. remaining: 8.6min
2025-07-09 19:22:05 - ihacpa_automation - INFO - Completed batch 1
2025-07-09 19:22:05 - ihacpa_automation - INFO - All packages processed successfully. Output saved to: test_pytz_fix.xlsx
2025-07-09 19:22:05 - ihacpa_automation - INFO - Report generated: data/output/ihacpa_report_20250709_192205.txt
2025-07-09 19:22:05 - ihacpa_automation - INFO - Changes report generated: data/output/changes_report_20250709_192205.txt
2025-07-09 19:22:05 - ihacpa_automation - INFO - 📊 Changes made: 3 fields in 3 packages
2025-07-09 19:22:05 - ihacpa_automation - INFO - ============================================================
2025-07-09 19:22:05 - ihacpa_automation - INFO - PROCESSING SUMMARY
2025-07-09 19:22:05 - ihacpa_automation - INFO - ============================================================
2025-07-09 19:22:05 - ihacpa_automation - INFO - Total packages: 486
2025-07-09 19:22:05 - ihacpa_automation - INFO - Successfully processed: 3
2025-07-09 19:22:05 - ihacpa_automation - INFO - Failed: 0
2025-07-09 19:22:05 - ihacpa_automation - INFO - Success rate: 0.6%
2025-07-09 19:22:05 - ihacpa_automation - INFO - Total time: 0.1 minutes
2025-07-09 19:22:05 - ihacpa_automation - INFO - Average time per package: 0.01 seconds
2025-07-09 19:22:05 - ihacpa_automation - INFO - ============================================================
2025-07-09 19:22:05 - ihacpa_automation - INFO - No errors encountered during processing
2025-07-09 19:22:05 - ihacpa_automation - INFO - Automation completed successfully
2025-07-09 19:25:28 - ihacpa_automation - INFO - ============================================================
2025-07-09 19:25:28 - ihacpa_automation - INFO - IHACPA Python Package Review Automation v1.0.0
2025-07-09 19:25:28 - ihacpa_automation - INFO - ============================================================
2025-07-09 19:25:28 - ihacpa_automation - INFO - Configuration loaded from: 05-Configuration-Templates/settings-template.yaml
2025-07-09 19:25:28 - ihacpa_automation - INFO - Total packages to process: 486
2025-07-09 19:25:28 - ihacpa_automation - INFO - Logging level: INFO
2025-07-09 19:25:28 - ihacpa_automation - INFO - Log directory: logs
2025-07-09 19:25:28 - ihacpa_automation - INFO - ============================================================
2025-07-09 19:25:28 - ihacpa_automation - INFO - Creating copy of input file: 02-Source-Data/2025-07-09 IHACPA Review of ALL existing PYTHON Packages.xlsx -> test_pytz_fix2.xlsx
2025-07-09 19:25:28 - ihacpa_automation - INFO - All components initialized successfully
2025-07-09 19:25:28 - ihacpa_automation - WARNING - Processing specific packages only. For complete output, process all packages.
2025-07-09 19:25:28 - ihacpa_automation - INFO - Processing 1 packages
2025-07-09 19:25:28 - ihacpa_automation - INFO - Processing batch 1/1
2025-07-09 19:25:28 - ihacpa_automation - INFO - Processing package 352/486: pytz
2025-07-09 19:25:28 - ihacpa_automation - WARNING - Could not retrieve publication date for pytz v2022.7
2025-07-09 19:25:28 - ihacpa_automation - INFO - 📦 pytz: Update available 2022.7 → 2025.2
2025-07-09 19:25:29 - ihacpa_automation - INFO - ✅ Completed pytz in 1.38s
2025-07-09 19:25:29 - ihacpa_automation - INFO - Progress: 1/486 (0.2%) | Success: 1 | Failed: 0 | Est. remaining: 12.8min
2025-07-09 19:25:29 - ihacpa_automation - INFO - Completed batch 1
2025-07-09 19:25:30 - ihacpa_automation - INFO - All packages processed successfully. Output saved to: test_pytz_fix2.xlsx
2025-07-09 19:25:30 - ihacpa_automation - INFO - Report generated: data/output/ihacpa_report_20250709_192530.txt
2025-07-09 19:25:30 - ihacpa_automation - INFO - Changes report generated: data/output/changes_report_20250709_192530.txt
2025-07-09 19:25:30 - ihacpa_automation - INFO - 📊 Changes made: 1 fields in 1 packages
2025-07-09 19:25:30 - ihacpa_automation - INFO - ============================================================
2025-07-09 19:25:30 - ihacpa_automation - INFO - PROCESSING SUMMARY
2025-07-09 19:25:30 - ihacpa_automation - INFO - ============================================================
2025-07-09 19:25:30 - ihacpa_automation - INFO - Total packages: 486
2025-07-09 19:25:30 - ihacpa_automation - INFO - Successfully processed: 1
2025-07-09 19:25:30 - ihacpa_automation - INFO - Failed: 0
2025-07-09 19:25:30 - ihacpa_automation - INFO - Success rate: 0.2%
2025-07-09 19:25:30 - ihacpa_automation - INFO - Total time: 0.0 minutes
2025-07-09 19:25:30 - ihacpa_automation - INFO - Average time per package: 0.00 seconds
2025-07-09 19:25:30 - ihacpa_automation - INFO - ============================================================
2025-07-09 19:25:30 - ihacpa_automation - INFO - No errors encountered during processing
2025-07-09 19:25:30 - ihacpa_automation - INFO - Automation completed successfully
2025-07-09 19:26:17 - ihacpa_automation - INFO - ============================================================
2025-07-09 19:26:17 - ihacpa_automation - INFO - IHACPA Python Package Review Automation v1.0.0
2025-07-09 19:26:17 - ihacpa_automation - INFO - ============================================================
2025-07-09 19:26:17 - ihacpa_automation - INFO - Configuration loaded from: 05-Configuration-Templates/settings-template.yaml
2025-07-09 19:26:17 - ihacpa_automation - INFO - Total packages to process: 486
2025-07-09 19:26:17 - ihacpa_automation - INFO - Logging level: INFO
2025-07-09 19:26:17 - ihacpa_automation - INFO - Log directory: logs
2025-07-09 19:26:17 - ihacpa_automation - INFO - ============================================================
2025-07-09 19:26:17 - ihacpa_automation - INFO - Creating copy of input file: 02-Source-Data/2025-07-09 IHACPA Review of ALL existing PYTHON Packages.xlsx -> test_pytz_fix3.xlsx
2025-07-09 19:26:17 - ihacpa_automation - INFO - All components initialized successfully
2025-07-09 19:26:17 - ihacpa_automation - WARNING - Processing specific packages only. For complete output, process all packages.
2025-07-09 19:26:17 - ihacpa_automation - INFO - Processing 1 packages
2025-07-09 19:26:17 - ihacpa_automation - INFO - Processing batch 1/1
2025-07-09 19:26:17 - ihacpa_automation - INFO - Processing package 352/486: pytz
2025-07-09 19:26:18 - ihacpa_automation - WARNING - Could not retrieve publication date for pytz v2022.7
2025-07-09 19:26:18 - ihacpa_automation - INFO - 📦 pytz: Update available 2022.7 → 2025.2
2025-07-09 19:26:19 - ihacpa_automation - INFO - ✅ Completed pytz in 2.13s
2025-07-09 19:26:19 - ihacpa_automation - INFO - Progress: 1/486 (0.2%) | Success: 1 | Failed: 0 | Est. remaining: 18.8min
2025-07-09 19:26:19 - ihacpa_automation - INFO - Completed batch 1
2025-07-09 19:26:20 - ihacpa_automation - INFO - All packages processed successfully. Output saved to: test_pytz_fix3.xlsx
2025-07-09 19:26:20 - ihacpa_automation - INFO - Report generated: data/output/ihacpa_report_20250709_192620.txt
2025-07-09 19:26:20 - ihacpa_automation - INFO - Changes report generated: data/output/changes_report_20250709_192620.txt
2025-07-09 19:26:20 - ihacpa_automation - INFO - 📊 Changes made: 1 fields in 1 packages
2025-07-09 19:26:20 - ihacpa_automation - INFO - ============================================================
2025-07-09 19:26:20 - ihacpa_automation - INFO - PROCESSING SUMMARY
2025-07-09 19:26:20 - ihacpa_automation - INFO - ============================================================
2025-07-09 19:26:20 - ihacpa_automation - INFO - Total packages: 486
2025-07-09 19:26:20 - ihacpa_automation - INFO - Successfully processed: 1
2025-07-09 19:26:20 - ihacpa_automation - INFO - Failed: 0
2025-07-09 19:26:20 - ihacpa_automation - INFO - Success rate: 0.2%
2025-07-09 19:26:20 - ihacpa_automation - INFO - Total time: 0.0 minutes
2025-07-09 19:26:20 - ihacpa_automation - INFO - Average time per package: 0.01 seconds
2025-07-09 19:26:20 - ihacpa_automation - INFO - ============================================================
2025-07-09 19:26:20 - ihacpa_automation - INFO - No errors encountered during processing
2025-07-09 19:26:20 - ihacpa_automation - INFO - Automation completed successfully
2025-07-09 19:27:28 - ihacpa_automation - INFO - ============================================================
2025-07-09 19:27:28 - ihacpa_automation - INFO - IHACPA Python Package Review Automation v1.0.0
2025-07-09 19:27:28 - ihacpa_automation - INFO - ============================================================
2025-07-09 19:27:28 - ihacpa_automation - INFO - Configuration loaded from: 05-Configuration-Templates/settings-template.yaml
2025-07-09 19:27:28 - ihacpa_automation - INFO - Total packages to process: 486
2025-07-09 19:27:28 - ihacpa_automation - INFO - Logging level: DEBUG
2025-07-09 19:27:28 - ihacpa_automation - INFO - Log directory: logs
2025-07-09 19:27:28 - ihacpa_automation - INFO - ============================================================
2025-07-09 19:27:28 - ihacpa_automation - INFO - Creating copy of input file: 02-Source-Data/2025-07-09 IHACPA Review of ALL existing PYTHON Packages.xlsx -> test_pytz_debug.xlsx
2025-07-09 19:27:29 - ihacpa_automation - INFO - All components initialized successfully
2025-07-09 19:27:29 - ihacpa_automation - WARNING - Processing specific packages only. For complete output, process all packages.
2025-07-09 19:27:29 - ihacpa_automation - INFO - Processing 1 packages
2025-07-09 19:27:29 - ihacpa_automation - INFO - Processing batch 1/1
2025-07-09 19:27:29 - ihacpa_automation - INFO - Processing package 352/486: pytz
2025-07-09 19:27:29 - ihacpa_automation - WARNING - Could not retrieve publication date for pytz v2022.7
2025-07-09 19:27:29 - ihacpa_automation - INFO - 📦 pytz: Update available 2022.7 → 2025.2
2025-07-09 19:27:30 - ihacpa_automation - INFO - ✅ Completed pytz in 1.58s
2025-07-09 19:27:30 - ihacpa_automation - INFO - Progress: 1/486 (0.2%) | Success: 1 | Failed: 0 | Est. remaining: 14.3min
2025-07-09 19:27:30 - ihacpa_automation - INFO - Completed batch 1
2025-07-09 19:27:30 - ihacpa_automation - INFO - All packages processed successfully. Output saved to: test_pytz_debug.xlsx
2025-07-09 19:27:30 - ihacpa_automation - INFO - Report generated: data/output/ihacpa_report_20250709_192730.txt
2025-07-09 19:27:31 - ihacpa_automation - INFO - Changes report generated: data/output/changes_report_20250709_192730.txt
2025-07-09 19:27:31 - ihacpa_automation - INFO - 📊 Changes made: 1 fields in 1 packages
2025-07-09 19:27:31 - ihacpa_automation - INFO - ============================================================
2025-07-09 19:27:31 - ihacpa_automation - INFO - PROCESSING SUMMARY
2025-07-09 19:27:31 - ihacpa_automation - INFO - ============================================================
2025-07-09 19:27:31 - ihacpa_automation - INFO - Total packages: 486
2025-07-09 19:27:31 - ihacpa_automation - INFO - Successfully processed: 1
2025-07-09 19:27:31 - ihacpa_automation - INFO - Failed: 0
2025-07-09 19:27:31 - ihacpa_automation - INFO - Success rate: 0.2%
2025-07-09 19:27:31 - ihacpa_automation - INFO - Total time: 0.0 minutes
2025-07-09 19:27:31 - ihacpa_automation - INFO - Average time per package: 0.00 seconds
2025-07-09 19:27:31 - ihacpa_automation - INFO - ============================================================
2025-07-09 19:27:31 - ihacpa_automation - INFO - No errors encountered during processing
2025-07-09 19:27:31 - ihacpa_automation - INFO - Automation completed successfully
2025-07-09 19:49:59 - ihacpa_automation - INFO - ============================================================
2025-07-09 19:49:59 - ihacpa_automation - INFO - IHACPA Python Package Review Automation v1.0.0
2025-07-09 19:49:59 - ihacpa_automation - INFO - ============================================================
2025-07-09 19:49:59 - ihacpa_automation - INFO - Configuration loaded from: 05-Configuration-Templates/settings-template.yaml
2025-07-09 19:49:59 - ihacpa_automation - INFO - Total packages to process: 486
2025-07-09 19:49:59 - ihacpa_automation - INFO - Logging level: INFO
2025-07-09 19:49:59 - ihacpa_automation - INFO - Log directory: logs
2025-07-09 19:49:59 - ihacpa_automation - INFO - ============================================================
2025-07-09 19:49:59 - ihacpa_automation - INFO - Creating copy of input file: 02-Source-Data/2025-07-09 IHACPA Review of ALL existing PYTHON Packages.xlsx -> test_not_available.xlsx
2025-07-09 19:49:59 - ihacpa_automation - INFO - All components initialized successfully
2025-07-09 19:49:59 - ihacpa_automation - WARNING - Processing specific packages only. For complete output, process all packages.
2025-07-09 19:49:59 - ihacpa_automation - INFO - Processing 2 packages
2025-07-09 19:49:59 - ihacpa_automation - INFO - Processing batch 1/1
2025-07-09 19:49:59 - ihacpa_automation - INFO - Processing package 352/486: pytz
2025-07-09 19:49:59 - ihacpa_automation - WARNING - Could not retrieve publication date for pytz v2022.7
2025-07-09 19:49:59 - ihacpa_automation - INFO - 📦 pytz: Update available 2022.7 → 2025.2
2025-07-09 19:49:59 - ihacpa_automation - INFO - Processing package 358/486: PyYAML
2025-07-09 19:50:00 - ihacpa_automation - WARNING - Could not retrieve publication date for PyYAML v6
2025-07-09 19:50:00 - ihacpa_automation - INFO - 📦 PyYAML: Update available 6 → 6.0.2
2025-07-09 19:50:01 - ihacpa_automation - INFO - ✅ Completed pytz in 2.12s
2025-07-09 19:50:01 - ihacpa_automation - INFO - Progress: 1/486 (0.2%) | Success: 1 | Failed: 0 | Est. remaining: 18.7min
2025-07-09 19:50:02 - ihacpa_automation - WARNING - 🔍 PyYAML: Found 4 vulnerabilities in NIST NVD
2025-07-09 19:50:02 - ihacpa_automation - INFO - ✅ Completed PyYAML in 2.71s
2025-07-09 19:50:02 - ihacpa_automation - INFO - Progress: 2/486 (0.4%) | Success: 2 | Failed: 0 | Est. remaining: 13.8min
2025-07-09 19:50:02 - ihacpa_automation - INFO - Completed batch 1
2025-07-09 19:50:02 - ihacpa_automation - INFO - All packages processed successfully. Output saved to: test_not_available.xlsx
2025-07-09 19:50:02 - ihacpa_automation - INFO - Report generated: data/output/ihacpa_report_20250709_195002.txt
2025-07-09 19:50:03 - ihacpa_automation - INFO - Changes report generated: data/output/changes_report_20250709_195002.txt
2025-07-09 19:50:03 - ihacpa_automation - INFO - 📊 Changes made: 6 fields in 2 packages
2025-07-09 19:50:03 - ihacpa_automation - INFO - ============================================================
2025-07-09 19:50:03 - ihacpa_automation - INFO - PROCESSING SUMMARY
2025-07-09 19:50:03 - ihacpa_automation - INFO - ============================================================
2025-07-09 19:50:03 - ihacpa_automation - INFO - Total packages: 486
2025-07-09 19:50:03 - ihacpa_automation - INFO - Successfully processed: 2
2025-07-09 19:50:03 - ihacpa_automation - INFO - Failed: 0
2025-07-09 19:50:03 - ihacpa_automation - INFO - Success rate: 0.4%
2025-07-09 19:50:03 - ihacpa_automation - INFO - Total time: 0.1 minutes
2025-07-09 19:50:03 - ihacpa_automation - INFO - Average time per package: 0.01 seconds
2025-07-09 19:50:03 - ihacpa_automation - INFO - ============================================================
2025-07-09 19:50:03 - ihacpa_automation - INFO - No errors encountered during processing
2025-07-09 19:50:03 - ihacpa_automation - INFO - Automation completed successfully
2025-07-09 19:50:57 - ihacpa_automation - INFO - ============================================================
2025-07-09 19:50:57 - ihacpa_automation - INFO - IHACPA Python Package Review Automation v1.0.0
2025-07-09 19:50:57 - ihacpa_automation - INFO - ============================================================
2025-07-09 19:50:57 - ihacpa_automation - INFO - Configuration loaded from: 05-Configuration-Templates/settings-template.yaml
2025-07-09 19:50:57 - ihacpa_automation - INFO - Total packages to process: 486
2025-07-09 19:50:57 - ihacpa_automation - INFO - Logging level: INFO
2025-07-09 19:50:57 - ihacpa_automation - INFO - Log directory: logs
2025-07-09 19:50:57 - ihacpa_automation - INFO - ============================================================
2025-07-09 19:50:57 - ihacpa_automation - INFO - Creating copy of input file: 02-Source-Data/2025-07-09 IHACPA Review of ALL existing PYTHON Packages.xlsx -> test_version_fix.xlsx
2025-07-09 19:50:57 - ihacpa_automation - INFO - All components initialized successfully
2025-07-09 19:50:57 - ihacpa_automation - WARNING - Processing specific packages only. For complete output, process all packages.
2025-07-09 19:50:57 - ihacpa_automation - INFO - Processing 2 packages
2025-07-09 19:50:57 - ihacpa_automation - INFO - Processing batch 1/1
2025-07-09 19:50:57 - ihacpa_automation - INFO - Processing package 352/486: pytz
2025-07-09 19:50:58 - ihacpa_automation - INFO - 📦 pytz: Update available 2022.7 → 2025.2
2025-07-09 19:50:58 - ihacpa_automation - INFO - Processing package 358/486: PyYAML
2025-07-09 19:50:58 - ihacpa_automation - WARNING - Could not retrieve publication date for PyYAML v6
2025-07-09 19:50:58 - ihacpa_automation - INFO - 📦 PyYAML: Update available 6 → 6.0.2
2025-07-09 19:50:59 - ihacpa_automation - INFO - ✅ Completed pytz in 1.69s
2025-07-09 19:50:59 - ihacpa_automation - INFO - Progress: 1/486 (0.2%) | Success: 1 | Failed: 0 | Est. remaining: 15.2min
2025-07-09 19:51:00 - ihacpa_automation - WARNING - 🔍 PyYAML: Found 4 vulnerabilities in NIST NVD
2025-07-09 19:51:00 - ihacpa_automation - INFO - ✅ Completed PyYAML in 1.81s
2025-07-09 19:51:00 - ihacpa_automation - INFO - Progress: 2/486 (0.4%) | Success: 2 | Failed: 0 | Est. remaining: 9.0min
2025-07-09 19:51:00 - ihacpa_automation - INFO - Completed batch 1
2025-07-09 19:51:00 - ihacpa_automation - INFO - All packages processed successfully. Output saved to: test_version_fix.xlsx
2025-07-09 19:51:00 - ihacpa_automation - INFO - Report generated: data/output/ihacpa_report_20250709_195100.txt
2025-07-09 19:51:00 - ihacpa_automation - INFO - Changes report generated: data/output/changes_report_20250709_195100.txt
2025-07-09 19:51:00 - ihacpa_automation - INFO - 📊 Changes made: 6 fields in 2 packages
2025-07-09 19:51:00 - ihacpa_automation - INFO - ============================================================
2025-07-09 19:51:00 - ihacpa_automation - INFO - PROCESSING SUMMARY
2025-07-09 19:51:00 - ihacpa_automation - INFO - ============================================================
2025-07-09 19:51:00 - ihacpa_automation - INFO - Total packages: 486
2025-07-09 19:51:00 - ihacpa_automation - INFO - Successfully processed: 2
2025-07-09 19:51:00 - ihacpa_automation - INFO - Failed: 0
2025-07-09 19:51:00 - ihacpa_automation - INFO - Success rate: 0.4%
2025-07-09 19:51:00 - ihacpa_automation - INFO - Total time: 0.0 minutes
2025-07-09 19:51:00 - ihacpa_automation - INFO - Average time per package: 0.01 seconds
2025-07-09 19:51:00 - ihacpa_automation - INFO - ============================================================
2025-07-09 19:51:00 - ihacpa_automation - INFO - No errors encountered during processing
2025-07-09 19:51:00 - ihacpa_automation - INFO - Automation completed successfully
2025-07-09 19:51:43 - ihacpa_automation - INFO - ============================================================
2025-07-09 19:51:43 - ihacpa_automation - INFO - IHACPA Python Package Review Automation v1.0.0
2025-07-09 19:51:43 - ihacpa_automation - INFO - ============================================================
2025-07-09 19:51:43 - ihacpa_automation - INFO - Configuration loaded from: 05-Configuration-Templates/settings-template.yaml
2025-07-09 19:51:43 - ihacpa_automation - INFO - Total packages to process: 486
2025-07-09 19:51:43 - ihacpa_automation - INFO - Logging level: INFO
2025-07-09 19:51:43 - ihacpa_automation - INFO - Log directory: logs
2025-07-09 19:51:43 - ihacpa_automation - INFO - ============================================================
2025-07-09 19:51:43 - ihacpa_automation - INFO - Creating copy of input file: 02-Source-Data/2025-07-09 IHACPA Review of ALL existing PYTHON Packages.xlsx -> test_all_packages.xlsx
2025-07-09 19:51:43 - ihacpa_automation - INFO - All components initialized successfully
2025-07-09 19:51:43 - ihacpa_automation - WARNING - Processing specific packages only. For complete output, process all packages.
2025-07-09 19:51:43 - ihacpa_automation - INFO - Processing 3 packages
2025-07-09 19:51:43 - ihacpa_automation - INFO - Processing batch 1/1
2025-07-09 19:51:43 - ihacpa_automation - INFO - Processing package 323/486: PyQt5
2025-07-09 19:51:43 - ihacpa_automation - INFO - Processing package 325/486: PyQtWebEngine
2025-07-09 19:51:43 - ihacpa_automation - INFO - Processing package 377/486: ruamel.yaml
2025-07-09 19:51:45 - ihacpa_automation - INFO - ✅ Completed PyQt5 in 1.62s
2025-07-09 19:51:45 - ihacpa_automation - INFO - Progress: 1/486 (0.2%) | Success: 1 | Failed: 0 | Est. remaining: 15.0min
2025-07-09 19:51:45 - ihacpa_automation - WARNING - 🔍 ruamel.yaml: Found 1 vulnerabilities in NIST NVD
2025-07-09 19:51:45 - ihacpa_automation - INFO - ✅ Completed ruamel.yaml in 2.17s
2025-07-09 19:51:45 - ihacpa_automation - INFO - Progress: 2/486 (0.4%) | Success: 2 | Failed: 0 | Est. remaining: 10.8min
2025-07-09 19:51:45 - ihacpa_automation - INFO - ✅ Completed PyQtWebEngine in 2.37s
2025-07-09 19:51:45 - ihacpa_automation - INFO - Progress: 3/486 (0.6%) | Success: 3 | Failed: 0 | Est. remaining: 7.4min
2025-07-09 19:51:46 - ihacpa_automation - INFO - Completed batch 1
2025-07-09 19:51:46 - ihacpa_automation - INFO - All packages processed successfully. Output saved to: test_all_packages.xlsx
2025-07-09 19:51:46 - ihacpa_automation - INFO - Report generated: data/output/ihacpa_report_20250709_195146.txt
2025-07-09 19:51:46 - ihacpa_automation - INFO - Changes report generated: data/output/changes_report_20250709_195146.txt
2025-07-09 19:51:46 - ihacpa_automation - INFO - 📊 Changes made: 2 fields in 1 packages
2025-07-09 19:51:46 - ihacpa_automation - INFO - ============================================================
2025-07-09 19:51:46 - ihacpa_automation - INFO - PROCESSING SUMMARY
2025-07-09 19:51:46 - ihacpa_automation - INFO - ============================================================
2025-07-09 19:51:46 - ihacpa_automation - INFO - Total packages: 486
2025-07-09 19:51:46 - ihacpa_automation - INFO - Successfully processed: 3
2025-07-09 19:51:46 - ihacpa_automation - INFO - Failed: 0
2025-07-09 19:51:46 - ihacpa_automation - INFO - Success rate: 0.6%
2025-07-09 19:51:46 - ihacpa_automation - INFO - Total time: 0.1 minutes
2025-07-09 19:51:46 - ihacpa_automation - INFO - Average time per package: 0.01 seconds
2025-07-09 19:51:46 - ihacpa_automation - INFO - ============================================================
2025-07-09 19:51:46 - ihacpa_automation - INFO - No errors encountered during processing
2025-07-09 19:51:46 - ihacpa_automation - INFO - Automation completed successfully
